This file contains any messages produced by compilers while
running configure, to aid debugging if configure makes a mistake.

It was created by Samtools configure 1.3, which was
generated by GNU Autoconf 2.69.  Invocation command line was

  $ ./configure --prefix=/Volumes/Temp/analysis/tools/samtools-1.3

## --------- ##
## Platform. ##
## --------- ##

hostname = i122mc137.vu-wien.ac.at
uname -m = x86_64
uname -r = 13.4.0
uname -s = Darwin
uname -v = Darwin Kernel Version 13.4.0: Wed Mar 18 16:20:14 PDT 2015; root:xnu-2422.115.14~1/RELEASE_X86_64

/usr/bin/uname -p = i386
/bin/uname -X     = unknown

/bin/arch              = unknown
/usr/bin/arch -k       = unknown
/usr/convex/getsysinfo = unknown
/usr/bin/hostinfo      = Mach kernel version:
	 Darwin Kernel Version 13.4.0: Wed Mar 18 16:20:14 PDT 2015; root:xnu-2422.115.14~1/RELEASE_X86_64
Kernel configured for up to 16 processors.
8 processors are physically available.
16 processors are logically available.
Processor type: i486 (Intel 80486)
Processors active: 0 1 2 3 4 5 6 7 8 9 10 11 12 13 14 15
Primary memory available: 32.00 gigabytes
Default processor set: 331 tasks, 1581 threads, 16 processors
Load average: 7.28, Mach factor: 9.19
/bin/machine           = unknown
/usr/bin/oslevel       = unknown
/bin/universe          = unknown

PATH: /Library/Frameworks/Python.framework/Versions/3.4/bin
PATH: /Library/Frameworks/Python.framework/Versions/2.7/bin
PATH: /usr/bin
PATH: /bin
PATH: /usr/sbin
PATH: /sbin
PATH: /usr/local/bin
PATH: /opt/X11/bin
PATH: /usr/local/git/bin
PATH: /usr/local/ncbi/blast/bin
PATH: /Volumes/cluster/hadoop-2.4.0/bin
PATH: /bin
PATH: /Volumes/cluster/hadoop-2.4.0/sbin
PATH: /usr/local/autotools-bin/bin


## ----------- ##
## Core tests. ##
## ----------- ##

configure:1895: checking for gcc
configure:1911: found /usr/bin/gcc
configure:1922: result: gcc
configure:2151: checking for C compiler version
configure:2160: gcc --version >&5
Apple LLVM version 5.1 (clang-503.0.40) (based on LLVM 3.4svn)
Target: x86_64-apple-darwin13.4.0
Thread model: posix
Configured with: --prefix=/Applications/Xcode.app/Contents/Developer/usr --with-gxx-include-dir=/usr/include/c++/4.2.1
configure:2171: $? = 0
configure:2160: gcc -v >&5
Configured with: --prefix=/Applications/Xcode.app/Contents/Developer/usr --with-gxx-include-dir=/usr/include/c++/4.2.1
Apple LLVM version 5.1 (clang-503.0.40) (based on LLVM 3.4svn)
Target: x86_64-apple-darwin13.4.0
Thread model: posix
configure:2171: $? = 0
configure:2160: gcc -V >&5
clang: error: argument to '-V' is missing (expected 1 value)
clang: error: no input files
configure:2171: $? = 1
configure:2160: gcc -qversion >&5
clang: error: unknown argument: '-qversion' [-Wunused-command-line-argument-hard-error-in-future]
clang: note: this will be a hard error (cannot be downgraded to a warning) in the future
clang: error: no input files
configure:2171: $? = 1
configure:2191: checking whether the C compiler works
configure:2213: gcc    conftest.c  >&5
configure:2217: $? = 0
configure:2265: result: yes
configure:2268: checking for C compiler default output file name
configure:2270: result: a.out
configure:2276: checking for suffix of executables
configure:2283: gcc -o conftest    conftest.c  >&5
configure:2287: $? = 0
configure:2309: result: 
configure:2331: checking whether we are cross compiling
configure:2339: gcc -o conftest    conftest.c  >&5
configure:2343: $? = 0
configure:2350: ./conftest
configure:2354: $? = 0
configure:2369: result: no
configure:2374: checking for suffix of object files
configure:2396: gcc -c   conftest.c >&5
configure:2400: $? = 0
configure:2421: result: o
configure:2425: checking whether we are using the GNU C compiler
configure:2444: gcc -c   conftest.c >&5
configure:2444: $? = 0
configure:2453: result: yes
configure:2462: checking whether gcc accepts -g
configure:2482: gcc -c -g  conftest.c >&5
configure:2482: $? = 0
configure:2523: result: yes
configure:2540: checking for gcc option to accept ISO C89
configure:2603: gcc  -c -g -O2  conftest.c >&5
configure:2603: $? = 0
configure:2616: result: none needed
configure:2680: checking location of HTSlib source tree
configure:2701: result: htslib-1.3
configure:2919: checking for NcursesW wide-character library
configure:2943: gcc -o conftest -g -O2   conftest.c  -lncursesw >&5
ld: library not found for -lncursesw
clang: error: linker command failed with exit code 1 (use -v to see invocation)
configure:2943: $? = 1
configure: failed program was:
| /* confdefs.h */
| #define PACKAGE_NAME "Samtools"
| #define PACKAGE_TARNAME "samtools"
| #define PACKAGE_VERSION "1.3"
| #define PACKAGE_STRING "Samtools 1.3"
| #define PACKAGE_BUGREPORT "samtools-help@lists.sourceforge.net"
| #define PACKAGE_URL "http://www.htslib.org/"
| /* end confdefs.h.  */
| 
| /* Override any GCC internal prototype to avoid an error.
|    Use char because int might match the return type of a GCC
|    builtin and then its argument prototype would still apply.  */
| #ifdef __cplusplus
| extern "C"
| #endif
| char initscr ();
| int
| main ()
| {
| return initscr ();
|   ;
|   return 0;
| }
configure:2952: result: no
configure:3181: checking for Ncurses library
configure:3205: gcc -o conftest -g -O2   conftest.c  -lncurses >&5
configure:3205: $? = 0
configure:3214: result: yes
configure:3234: checking for working ncurses/curses.h
configure:3261: gcc -o conftest -g -O2   conftest.c  -lncurses >&5
conftest.c:12:34: fatal error: 'ncurses/curses.h' file not found
                        #include <ncurses/curses.h>
                                 ^
1 error generated.
configure:3261: $? = 1
configure: failed program was:
| /* confdefs.h */
| #define PACKAGE_NAME "Samtools"
| #define PACKAGE_TARNAME "samtools"
| #define PACKAGE_VERSION "1.3"
| #define PACKAGE_STRING "Samtools 1.3"
| #define PACKAGE_BUGREPORT "samtools-help@lists.sourceforge.net"
| #define PACKAGE_URL "http://www.htslib.org/"
| #define HAVE_NCURSES 1
| #define HAVE_CURSES 1
| /* end confdefs.h.  */
| 
|                         #include <ncurses/curses.h>
| 
| int
| main ()
| {
| 
|                         chtype a = A_BOLD;
|                         int b = KEY_LEFT;
|                         chtype c = COLOR_PAIR(1) & A_COLOR;
|                         int g = getattrs(stdscr);
|                         int h = getcurx(stdscr) + getmaxx(stdscr);
|                         initscr();
|                         init_pair(1, COLOR_WHITE, COLOR_RED);
| 
|   ;
|   return 0;
| }
configure:3270: result: no
configure:3288: checking for working ncurses.h
configure:3315: gcc -o conftest -g -O2   conftest.c  -lncurses >&5
configure:3315: $? = 0
configure:3324: result: yes
configure:3658: checking for zlib.h
configure:3658: gcc -c -g -O2  conftest.c >&5
configure:3658: $? = 0
configure:3658: result: yes
configure:3667: checking for inflate in -lz
configure:3692: gcc -o conftest -g -O2   conftest.c -lz   >&5
configure:3692: $? = 0
configure:3701: result: yes
configure:3843: creating ./config.status

## ---------------------- ##
## Running config.status. ##
## ---------------------- ##

This file was extended by Samtools config.status 1.3, which was
generated by GNU Autoconf 2.69.  Invocation command line was

  CONFIG_FILES    = 
  CONFIG_HEADERS  = 
  CONFIG_LINKS    = 
  CONFIG_COMMANDS = 
  $ ./config.status 

on i122mc137.vu-wien.ac.at

config.status:798: creating config.mk
config.status:798: creating config.h
configure:5068: === configuring in htslib-1.3 (/Volumes/Temp/analysis/tools/samtools-1.3/htslib-1.3)
configure:5131: running /bin/sh ./configure --disable-option-checking '--prefix=/Volumes/Temp/analysis/tools/samtools-1.3'  --cache-file=/dev/null --srcdir=.

## ---------------- ##
## Cache variables. ##
## ---------------- ##

ac_cv_c_compiler_gnu=yes
ac_cv_env_CC_set=
ac_cv_env_CC_value=
ac_cv_env_CFLAGS_set=
ac_cv_env_CFLAGS_value=
ac_cv_env_CPPFLAGS_set=
ac_cv_env_CPPFLAGS_value=
ac_cv_env_CURSES_LIB_set=
ac_cv_env_CURSES_LIB_value=
ac_cv_env_LDFLAGS_set=
ac_cv_env_LDFLAGS_value=
ac_cv_env_LIBS_set=
ac_cv_env_LIBS_value=
ac_cv_env_build_alias_set=
ac_cv_env_build_alias_value=
ac_cv_env_host_alias_set=
ac_cv_env_host_alias_value=
ac_cv_env_target_alias_set=
ac_cv_env_target_alias_value=
ac_cv_header_zlib_h=yes
ac_cv_lib_z_inflate=yes
ac_cv_objext=o
ac_cv_prog_ac_ct_CC=gcc
ac_cv_prog_cc_c89=
ac_cv_prog_cc_g=yes
ax_cv_curses=yes
ax_cv_curses_color=yes
ax_cv_curses_enhanced=no
ax_cv_curses_obsolete=yes
ax_cv_curses_which=ncurses
ax_cv_header_ncurses_curses_h=no
ax_cv_header_ncurses_h=yes
ax_cv_htslib=yes
ax_cv_htslib_which=source
ax_cv_ncurses=yes
ax_cv_ncursesw=no

## ----------------- ##
## Output variables. ##
## ----------------- ##

CC='gcc'
CFLAGS='-g -O2'
CPPFLAGS=''
CURSES_LIB='-lncurses'
DEFS='-DHAVE_CONFIG_H'
ECHO_C='\c'
ECHO_N=''
ECHO_T=''
EXEEXT=''
HTSDIR='htslib-1.3'
HTSLIB_CPPFLAGS='-Ihtslib-1.3'
HTSLIB_LDFLAGS='-Lhtslib-1.3'
Hinstall='#'
Hsource=''
LDFLAGS=''
LIBOBJS=''
LIBS=''
LTLIBOBJS=''
OBJEXT='o'
PACKAGE_BUGREPORT='samtools-help@lists.sourceforge.net'
PACKAGE_NAME='Samtools'
PACKAGE_STRING='Samtools 1.3'
PACKAGE_TARNAME='samtools'
PACKAGE_URL='http://www.htslib.org/'
PACKAGE_VERSION='1.3'
PATH_SEPARATOR=':'
SHELL='/bin/sh'
ac_ct_CC='gcc'
bindir='${exec_prefix}/bin'
build_alias=''
datadir='${datarootdir}'
datarootdir='${prefix}/share'
docdir='${datarootdir}/doc/${PACKAGE_TARNAME}'
dvidir='${docdir}'
exec_prefix='${prefix}'
host_alias=''
htmldir='${docdir}'
includedir='${prefix}/include'
infodir='${datarootdir}/info'
libdir='${exec_prefix}/lib'
libexecdir='${exec_prefix}/libexec'
localedir='${datarootdir}/locale'
localstatedir='${prefix}/var'
mandir='${datarootdir}/man'
oldincludedir='/usr/include'
pdfdir='${docdir}'
prefix='/Volumes/Temp/analysis/tools/samtools-1.3'
program_transform_name='s,x,x,'
psdir='${docdir}'
sbindir='${exec_prefix}/sbin'
sharedstatedir='${prefix}/com'
subdirs=' htslib-1.3'
sysconfdir='${prefix}/etc'
target_alias=''

## ----------- ##
## confdefs.h. ##
## ----------- ##

/* confdefs.h */
#define PACKAGE_NAME "Samtools"
#define PACKAGE_TARNAME "samtools"
#define PACKAGE_VERSION "1.3"
#define PACKAGE_STRING "Samtools 1.3"
#define PACKAGE_BUGREPORT "samtools-help@lists.sourceforge.net"
#define PACKAGE_URL "http://www.htslib.org/"
#define HAVE_NCURSES 1
#define HAVE_CURSES 1
#define HAVE_CURSES_COLOR 1
#define HAVE_CURSES_OBSOLETE 1
#define HAVE_NCURSES_H 1
#define HAVE_LIBZ 1

configure: exit 0
