This file contains any messages produced by compilers while
running configure, to aid debugging if configure makes a mistake.

It was created by htop configure 1.0.3, which was
generated by GNU Autoconf 2.69.  Invocation command line was

  $ ./configure 

## --------- ##
## Platform. ##
## --------- ##

hostname = i122srv59.vu-wien.ac.at
uname -m = x86_64
uname -r = 3.10.0-327.28.3.el7.x86_64
uname -s = Linux
uname -v = #1 SMP Thu Aug 18 19:05:49 UTC 2016

/usr/bin/uname -p = x86_64
/bin/uname -X     = unknown

/bin/arch              = x86_64
/usr/bin/arch -k       = unknown
/usr/convex/getsysinfo = unknown
/usr/bin/hostinfo      = unknown
/bin/machine           = unknown
/usr/bin/oslevel       = unknown
/bin/universe          = unknown

PATH: /root/perl5/bin
PATH: /usr/local/bin
PATH: /usr/bin
PATH: /usr/local/sbin
PATH: /usr/sbin
PATH: /home/vetlinux03/.local/bin
PATH: /home/vetlinux03/bin


## ----------- ##
## Core tests. ##
## ----------- ##

configure:2324: checking for gcc
configure:2340: found /usr/bin/gcc
configure:2351: result: gcc
configure:2580: checking for C compiler version
configure:2589: gcc --version >&5
gcc (GCC) 4.8.5 20150623 (Red Hat 4.8.5-4)
Copyright (C) 2015 Free Software Foundation, Inc.
This is free software; see the source for copying conditions.  There is NO
warranty; not even for MERCHANTABILITY or FITNESS FOR A PARTICULAR PURPOSE.

configure:2600: $? = 0
configure:2589: gcc -v >&5
Using built-in specs.
COLLECT_GCC=gcc
COLLECT_LTO_WRAPPER=/usr/libexec/gcc/x86_64-redhat-linux/4.8.5/lto-wrapper
Target: x86_64-redhat-linux
Configured with: ../configure --prefix=/usr --mandir=/usr/share/man --infodir=/usr/share/info --with-bugurl=http://bugzilla.redhat.com/bugzilla --enable-bootstrap --enable-shared --enable-threads=posix --enable-checking=release --with-system-zlib --enable-__cxa_atexit --disable-libunwind-exceptions --enable-gnu-unique-object --enable-linker-build-id --with-linker-hash-style=gnu --enable-languages=c,c++,objc,obj-c++,java,fortran,ada,go,lto --enable-plugin --enable-initfini-array --disable-libgcj --with-isl=/builddir/build/BUILD/gcc-4.8.5-20150702/obj-x86_64-redhat-linux/isl-install --with-cloog=/builddir/build/BUILD/gcc-4.8.5-20150702/obj-x86_64-redhat-linux/cloog-install --enable-gnu-indirect-function --with-tune=generic --with-arch_32=x86-64 --build=x86_64-redhat-linux
Thread model: posix
gcc version 4.8.5 20150623 (Red Hat 4.8.5-4) (GCC) 
configure:2600: $? = 0
configure:2589: gcc -V >&5
gcc: error: unrecognized command line option '-V'
gcc: fatal error: no input files
compilation terminated.
configure:2600: $? = 4
configure:2589: gcc -qversion >&5
gcc: error: unrecognized command line option '-qversion'
gcc: fatal error: no input files
compilation terminated.
configure:2600: $? = 4
configure:2620: checking whether the C compiler works
configure:2642: gcc    conftest.c  >&5
configure:2646: $? = 0
configure:2694: result: yes
configure:2697: checking for C compiler default output file name
configure:2699: result: a.out
configure:2705: checking for suffix of executables
configure:2712: gcc -o conftest    conftest.c  >&5
configure:2716: $? = 0
configure:2738: result: 
configure:2760: checking whether we are cross compiling
configure:2768: gcc -o conftest    conftest.c  >&5
configure:2772: $? = 0
configure:2779: ./conftest
configure:2783: $? = 0
configure:2798: result: no
configure:2803: checking for suffix of object files
configure:2825: gcc -c   conftest.c >&5
configure:2829: $? = 0
configure:2850: result: o
configure:2854: checking whether we are using the GNU C compiler
configure:2873: gcc -c   conftest.c >&5
configure:2873: $? = 0
configure:2882: result: yes
configure:2891: checking whether gcc accepts -g
configure:2911: gcc -c -g  conftest.c >&5
configure:2911: $? = 0
configure:2952: result: yes
configure:2969: checking for gcc option to accept ISO C89
configure:3032: gcc  -c -g -O2  conftest.c >&5
configure:3032: $? = 0
configure:3045: result: none needed
configure:3071: checking how to run the C preprocessor
configure:3102: gcc -E  conftest.c
configure:3102: $? = 0
configure:3116: gcc -E  conftest.c
conftest.c:9:28: fatal error: ac_nonexistent.h: No such file or directory
 #include <ac_nonexistent.h>
                            ^
compilation terminated.
configure:3116: $? = 1
configure: failed program was:
| /* confdefs.h */
| #define PACKAGE_NAME "htop"
| #define PACKAGE_TARNAME "htop"
| #define PACKAGE_VERSION "1.0.3"
| #define PACKAGE_STRING "htop 1.0.3"
| #define PACKAGE_BUGREPORT "hisham@gobolinux.org"
| #define PACKAGE_URL ""
| /* end confdefs.h.  */
| #include <ac_nonexistent.h>
configure:3141: result: gcc -E
configure:3161: gcc -E  conftest.c
configure:3161: $? = 0
configure:3175: gcc -E  conftest.c
conftest.c:9:28: fatal error: ac_nonexistent.h: No such file or directory
 #include <ac_nonexistent.h>
                            ^
compilation terminated.
configure:3175: $? = 1
configure: failed program was:
| /* confdefs.h */
| #define PACKAGE_NAME "htop"
| #define PACKAGE_TARNAME "htop"
| #define PACKAGE_VERSION "1.0.3"
| #define PACKAGE_STRING "htop 1.0.3"
| #define PACKAGE_BUGREPORT "hisham@gobolinux.org"
| #define PACKAGE_URL ""
| /* end confdefs.h.  */
| #include <ac_nonexistent.h>
configure:3204: checking for grep that handles long lines and -e
configure:3262: result: /usr/bin/grep
configure:3267: checking for egrep
configure:3329: result: /usr/bin/grep -E
configure:3334: checking for ANSI C header files
configure:3354: gcc -c -g -O2  conftest.c >&5
configure:3354: $? = 0
configure:3427: gcc -o conftest -g -O2   conftest.c  >&5
configure:3427: $? = 0
configure:3427: ./conftest
configure:3427: $? = 0
configure:3438: result: yes
configure:3451: checking for sys/types.h
configure:3451: gcc -c -g -O2  conftest.c >&5
configure:3451: $? = 0
configure:3451: result: yes
configure:3451: checking for sys/stat.h
configure:3451: gcc -c -g -O2  conftest.c >&5
configure:3451: $? = 0
configure:3451: result: yes
configure:3451: checking for stdlib.h
configure:3451: gcc -c -g -O2  conftest.c >&5
configure:3451: $? = 0
configure:3451: result: yes
configure:3451: checking for string.h
configure:3451: gcc -c -g -O2  conftest.c >&5
configure:3451: $? = 0
configure:3451: result: yes
configure:3451: checking for memory.h
configure:3451: gcc -c -g -O2  conftest.c >&5
configure:3451: $? = 0
configure:3451: result: yes
configure:3451: checking for strings.h
configure:3451: gcc -c -g -O2  conftest.c >&5
configure:3451: $? = 0
configure:3451: result: yes
configure:3451: checking for inttypes.h
configure:3451: gcc -c -g -O2  conftest.c >&5
configure:3451: $? = 0
configure:3451: result: yes
configure:3451: checking for stdint.h
configure:3451: gcc -c -g -O2  conftest.c >&5
configure:3451: $? = 0
configure:3451: result: yes
configure:3451: checking for unistd.h
configure:3451: gcc -c -g -O2  conftest.c >&5
configure:3451: $? = 0
configure:3451: result: yes
configure:3464: checking minix/config.h usability
configure:3464: gcc -c -g -O2  conftest.c >&5
conftest.c:52:26: fatal error: minix/config.h: No such file or directory
 #include <minix/config.h>
                          ^
compilation terminated.
configure:3464: $? = 1
configure: failed program was:
| /* confdefs.h */
| #define PACKAGE_NAME "htop"
| #define PACKAGE_TARNAME "htop"
| #define PACKAGE_VERSION "1.0.3"
| #define PACKAGE_STRING "htop 1.0.3"
| #define PACKAGE_BUGREPORT "hisham@gobolinux.org"
| #define PACKAGE_URL ""
| #define STDC_HEADERS 1
| #define HAVE_SYS_TYPES_H 1
| #define HAVE_SYS_STAT_H 1
| #define HAVE_STDLIB_H 1
| #define HAVE_STRING_H 1
| #define HAVE_MEMORY_H 1
| #define HAVE_STRINGS_H 1
| #define HAVE_INTTYPES_H 1
| #define HAVE_STDINT_H 1
| #define HAVE_UNISTD_H 1
| /* end confdefs.h.  */
| #include <stdio.h>
| #ifdef HAVE_SYS_TYPES_H
| # include <sys/types.h>
| #endif
| #ifdef HAVE_SYS_STAT_H
| # include <sys/stat.h>
| #endif
| #ifdef STDC_HEADERS
| # include <stdlib.h>
| # include <stddef.h>
| #else
| # ifdef HAVE_STDLIB_H
| #  include <stdlib.h>
| # endif
| #endif
| #ifdef HAVE_STRING_H
| # if !defined STDC_HEADERS && defined HAVE_MEMORY_H
| #  include <memory.h>
| # endif
| # include <string.h>
| #endif
| #ifdef HAVE_STRINGS_H
| # include <strings.h>
| #endif
| #ifdef HAVE_INTTYPES_H
| # include <inttypes.h>
| #endif
| #ifdef HAVE_STDINT_H
| # include <stdint.h>
| #endif
| #ifdef HAVE_UNISTD_H
| # include <unistd.h>
| #endif
| #include <minix/config.h>
configure:3464: result: no
configure:3464: checking minix/config.h presence
configure:3464: gcc -E  conftest.c
conftest.c:19:26: fatal error: minix/config.h: No such file or directory
 #include <minix/config.h>
                          ^
compilation terminated.
configure:3464: $? = 1
configure: failed program was:
| /* confdefs.h */
| #define PACKAGE_NAME "htop"
| #define PACKAGE_TARNAME "htop"
| #define PACKAGE_VERSION "1.0.3"
| #define PACKAGE_STRING "htop 1.0.3"
| #define PACKAGE_BUGREPORT "hisham@gobolinux.org"
| #define PACKAGE_URL ""
| #define STDC_HEADERS 1
| #define HAVE_SYS_TYPES_H 1
| #define HAVE_SYS_STAT_H 1
| #define HAVE_STDLIB_H 1
| #define HAVE_STRING_H 1
| #define HAVE_MEMORY_H 1
| #define HAVE_STRINGS_H 1
| #define HAVE_INTTYPES_H 1
| #define HAVE_STDINT_H 1
| #define HAVE_UNISTD_H 1
| /* end confdefs.h.  */
| #include <minix/config.h>
configure:3464: result: no
configure:3464: checking for minix/config.h
configure:3464: result: no
configure:3485: checking whether it is safe to define __EXTENSIONS__
configure:3503: gcc -c -g -O2  conftest.c >&5
configure:3503: $? = 0
configure:3510: result: yes
configure:3557: checking build system type
configure:3571: result: x86_64-unknown-linux-gnu
configure:3591: checking host system type
configure:3604: result: x86_64-unknown-linux-gnu
configure:3624: checking target system type
configure:3637: result: x86_64-unknown-linux-gnu
configure:3680: checking for a BSD-compatible install
configure:3748: result: /usr/bin/install -c
configure:3759: checking whether build environment is sane
configure:3809: result: yes
configure:3950: checking for a thread-safe mkdir -p
configure:3989: result: /usr/bin/mkdir -p
configure:4002: checking for gawk
configure:4018: found /usr/bin/gawk
configure:4029: result: gawk
configure:4040: checking whether make sets $(MAKE)
configure:4062: result: yes
configure:4092: checking for style of include used by make
configure:4120: result: GNU
configure:4205: checking dependency style of gcc
configure:4315: result: gcc3
configure:4385: checking for gcc
configure:4412: result: gcc
configure:4641: checking for C compiler version
configure:4650: gcc --version >&5
gcc (GCC) 4.8.5 20150623 (Red Hat 4.8.5-4)
Copyright (C) 2015 Free Software Foundation, Inc.
This is free software; see the source for copying conditions.  There is NO
warranty; not even for MERCHANTABILITY or FITNESS FOR A PARTICULAR PURPOSE.

configure:4661: $? = 0
configure:4650: gcc -v >&5
Using built-in specs.
COLLECT_GCC=gcc
COLLECT_LTO_WRAPPER=/usr/libexec/gcc/x86_64-redhat-linux/4.8.5/lto-wrapper
Target: x86_64-redhat-linux
Configured with: ../configure --prefix=/usr --mandir=/usr/share/man --infodir=/usr/share/info --with-bugurl=http://bugzilla.redhat.com/bugzilla --enable-bootstrap --enable-shared --enable-threads=posix --enable-checking=release --with-system-zlib --enable-__cxa_atexit --disable-libunwind-exceptions --enable-gnu-unique-object --enable-linker-build-id --with-linker-hash-style=gnu --enable-languages=c,c++,objc,obj-c++,java,fortran,ada,go,lto --enable-plugin --enable-initfini-array --disable-libgcj --with-isl=/builddir/build/BUILD/gcc-4.8.5-20150702/obj-x86_64-redhat-linux/isl-install --with-cloog=/builddir/build/BUILD/gcc-4.8.5-20150702/obj-x86_64-redhat-linux/cloog-install --enable-gnu-indirect-function --with-tune=generic --with-arch_32=x86-64 --build=x86_64-redhat-linux
Thread model: posix
gcc version 4.8.5 20150623 (Red Hat 4.8.5-4) (GCC) 
configure:4661: $? = 0
configure:4650: gcc -V >&5
gcc: error: unrecognized command line option '-V'
gcc: fatal error: no input files
compilation terminated.
configure:4661: $? = 4
configure:4650: gcc -qversion >&5
gcc: error: unrecognized command line option '-qversion'
gcc: fatal error: no input files
compilation terminated.
configure:4661: $? = 4
configure:4665: checking whether we are using the GNU C compiler
configure:4693: result: yes
configure:4702: checking whether gcc accepts -g
configure:4763: result: yes
configure:4780: checking for gcc option to accept ISO C89
configure:4856: result: none needed
configure:4877: checking whether gcc and cc understand -c and -o together
configure:4908: gcc -c conftest.c -o conftest2.o >&5
configure:4912: $? = 0
configure:4918: gcc -c conftest.c -o conftest2.o >&5
configure:4922: $? = 0
configure:4933: cc -c conftest.c >&5
configure:4937: $? = 0
configure:4945: cc -c conftest.c -o conftest2.o >&5
configure:4949: $? = 0
configure:4955: cc -c conftest.c -o conftest2.o >&5
configure:4959: $? = 0
configure:4977: result: yes
configure:5111: checking how to print strings
configure:5138: result: printf
configure:5159: checking for a sed that does not truncate output
configure:5223: result: /usr/bin/sed
configure:5241: checking for fgrep
configure:5303: result: /usr/bin/grep -F
configure:5338: checking for ld used by gcc
configure:5405: result: /usr/bin/ld
configure:5412: checking if the linker (/usr/bin/ld) is GNU ld
configure:5427: result: yes
configure:5439: checking for BSD- or MS-compatible name lister (nm)
configure:5488: result: /usr/bin/nm -B
configure:5618: checking the name lister (/usr/bin/nm -B) interface
configure:5625: gcc -c -g -O2  conftest.c >&5
configure:5628: /usr/bin/nm -B "conftest.o"
configure:5631: output
0000000000000000 B some_variable
configure:5638: result: BSD nm
configure:5641: checking whether ln -s works
configure:5645: result: yes
configure:5653: checking the maximum length of command line arguments
configure:5778: result: 1572864
configure:5795: checking whether the shell understands some XSI constructs
configure:5805: result: yes
configure:5809: checking whether the shell understands "+="
configure:5815: result: yes
configure:5850: checking for /usr/bin/ld option to reload object files
configure:5857: result: -r
configure:5926: checking for objdump
configure:5942: found /usr/bin/objdump
configure:5953: result: objdump
configure:5985: checking how to recognize dependent libraries
configure:6187: result: pass_all
configure:6247: checking for ar
configure:6263: found /usr/bin/ar
configure:6274: result: ar
configure:6352: checking for strip
configure:6368: found /usr/bin/strip
configure:6379: result: strip
configure:6451: checking for ranlib
configure:6467: found /usr/bin/ranlib
configure:6478: result: ranlib
configure:6580: checking command to parse /usr/bin/nm -B output from gcc object
configure:6698: gcc -c -g -O2  conftest.c >&5
configure:6701: $? = 0
configure:6705: /usr/bin/nm -B conftest.o \| sed -n -e 's/^.*[ ]\([ABCDGIRSTW][ABCDGIRSTW]*\)[ ][ ]*\([_A-Za-z][_A-Za-z0-9]*\)$/\1 \2 \2/p' \> conftest.nm
configure:6708: $? = 0
configure:6762: gcc -o conftest -g -O2   conftest.c conftstm.o >&5
configure:6765: $? = 0
configure:6803: result: ok
configure:6898: gcc -c -g -O2  conftest.c >&5
configure:6901: $? = 0
configure:7640: checking for dlfcn.h
configure:7640: gcc -c -g -O2  conftest.c >&5
configure:7640: $? = 0
configure:7640: result: yes
configure:7767: checking for objdir
configure:7782: result: .libs
configure:8053: checking if gcc supports -fno-rtti -fno-exceptions
configure:8071: gcc -c -g -O2  -fno-rtti -fno-exceptions conftest.c >&5
cc1: warning: command line option '-fno-rtti' is valid for C++/ObjC++ but not for C [enabled by default]
configure:8075: $? = 0
configure:8088: result: no
configure:8108: checking for gcc option to produce PIC
configure:8393: result: -fPIC -DPIC
configure:8405: checking if gcc PIC flag -fPIC -DPIC works
configure:8423: gcc -c -g -O2  -fPIC -DPIC -DPIC conftest.c >&5
configure:8427: $? = 0
configure:8440: result: yes
configure:8464: checking if gcc static flag -static works
configure:8492: result: no
configure:8507: checking if gcc supports -c -o file.o
configure:8528: gcc -c -g -O2  -o out/conftest2.o conftest.c >&5
configure:8532: $? = 0
configure:8554: result: yes
configure:8562: checking if gcc supports -c -o file.o
configure:8609: result: yes
configure:8642: checking whether the gcc linker (/usr/bin/ld -m elf_x86_64) supports shared libraries
configure:9717: result: yes
configure:9962: checking dynamic linker characteristics
configure:10417: gcc -o conftest -g -O2   -Wl,-rpath -Wl,/foo conftest.c  >&5
configure:10417: $? = 0
configure:10639: result: GNU/Linux ld.so
configure:10746: checking how to hardcode library paths into programs
configure:10771: result: immediate
configure:11311: checking whether stripping libraries is possible
configure:11316: result: yes
configure:11351: checking if libtool supports shared libraries
configure:11353: result: yes
configure:11356: checking whether to build shared libraries
configure:11377: result: no
configure:11380: checking whether to build static libraries
configure:11384: result: yes
configure:11421: checking for ceil in -lm
configure:11446: gcc -o conftest -g -O2   conftest.c -lm   >&5
conftest.c:35:6: warning: conflicting types for built-in function 'ceil' [enabled by default]
 char ceil ();
      ^
configure:11446: $? = 0
configure:11455: result: yes
configure:11473: checking for dirent.h that defines DIR
configure:11492: gcc -c -g -O2  conftest.c >&5
configure:11492: $? = 0
configure:11500: result: yes
configure:11513: checking for library containing opendir
configure:11544: gcc -o conftest -g -O2   conftest.c -lm  >&5
configure:11544: $? = 0
configure:11561: result: none required
configure:11628: checking for ANSI C header files
configure:11732: result: yes
configure:11743: checking for stdlib.h
configure:11743: result: yes
configure:11743: checking for string.h
configure:11743: result: yes
configure:11743: checking for strings.h
configure:11743: result: yes
configure:11743: checking sys/param.h usability
configure:11743: gcc -c -g -O2  conftest.c >&5
configure:11743: $? = 0
configure:11743: result: yes
configure:11743: checking sys/param.h presence
configure:11743: gcc -E  conftest.c
configure:11743: $? = 0
configure:11743: result: yes
configure:11743: checking for sys/param.h
configure:11743: result: yes
configure:11743: checking sys/time.h usability
configure:11743: gcc -c -g -O2  conftest.c >&5
configure:11743: $? = 0
configure:11743: result: yes
configure:11743: checking sys/time.h presence
configure:11743: gcc -E  conftest.c
configure:11743: $? = 0
configure:11743: result: yes
configure:11743: checking for sys/time.h
configure:11743: result: yes
configure:11743: checking for unistd.h
configure:11743: result: yes
configure:11759: checking execinfo.h usability
configure:11759: gcc -c -g -O2  conftest.c >&5
configure:11759: $? = 0
configure:11759: result: yes
configure:11759: checking execinfo.h presence
configure:11759: gcc -E  conftest.c
configure:11759: $? = 0
configure:11759: result: yes
configure:11759: checking for execinfo.h
configure:11759: result: yes
configure:11773: checking for stdbool.h that conforms to C99
configure:11840: gcc -c -g -O2  conftest.c >&5
configure:11840: $? = 0
configure:11847: result: yes
configure:11849: checking for _Bool
configure:11849: gcc -c -g -O2  conftest.c >&5
configure:11849: $? = 0
configure:11849: gcc -c -g -O2  conftest.c >&5
conftest.c: In function 'main':
conftest.c:74:20: error: expected expression before ')' token
 if (sizeof ((_Bool)))
                    ^
configure:11849: $? = 1
configure: failed program was:
| /* confdefs.h */
| #define PACKAGE_NAME "htop"
| #define PACKAGE_TARNAME "htop"
| #define PACKAGE_VERSION "1.0.3"
| #define PACKAGE_STRING "htop 1.0.3"
| #define PACKAGE_BUGREPORT "hisham@gobolinux.org"
| #define PACKAGE_URL ""
| #define STDC_HEADERS 1
| #define HAVE_SYS_TYPES_H 1
| #define HAVE_SYS_STAT_H 1
| #define HAVE_STDLIB_H 1
| #define HAVE_STRING_H 1
| #define HAVE_MEMORY_H 1
| #define HAVE_STRINGS_H 1
| #define HAVE_INTTYPES_H 1
| #define HAVE_STDINT_H 1
| #define HAVE_UNISTD_H 1
| #define __EXTENSIONS__ 1
| #define _ALL_SOURCE 1
| #define _GNU_SOURCE 1
| #define _POSIX_PTHREAD_SEMANTICS 1
| #define _TANDEM_SOURCE 1
| #define PACKAGE "htop"
| #define VERSION "1.0.3"
| #define HAVE_DLFCN_H 1
| #define LT_OBJDIR ".libs/"
| #define HAVE_LIBM 1
| #define HAVE_DIRENT_H 1
| #define STDC_HEADERS 1
| #define HAVE_STDLIB_H 1
| #define HAVE_STRING_H 1
| #define HAVE_STRINGS_H 1
| #define HAVE_SYS_PARAM_H 1
| #define HAVE_SYS_TIME_H 1
| #define HAVE_UNISTD_H 1
| #define HAVE_EXECINFO_H 1
| /* end confdefs.h.  */
| #include <stdio.h>
| #ifdef HAVE_SYS_TYPES_H
| # include <sys/types.h>
| #endif
| #ifdef HAVE_SYS_STAT_H
| # include <sys/stat.h>
| #endif
| #ifdef STDC_HEADERS
| # include <stdlib.h>
| # include <stddef.h>
| #else
| # ifdef HAVE_STDLIB_H
| #  include <stdlib.h>
| # endif
| #endif
| #ifdef HAVE_STRING_H
| # if !defined STDC_HEADERS && defined HAVE_MEMORY_H
| #  include <memory.h>
| # endif
| # include <string.h>
| #endif
| #ifdef HAVE_STRINGS_H
| # include <strings.h>
| #endif
| #ifdef HAVE_INTTYPES_H
| # include <inttypes.h>
| #endif
| #ifdef HAVE_STDINT_H
| # include <stdint.h>
| #endif
| #ifdef HAVE_UNISTD_H
| # include <unistd.h>
| #endif
| int
| main ()
| {
| if (sizeof ((_Bool)))
| 	    return 0;
|   ;
|   return 0;
| }
configure:11849: result: yes
configure:11866: checking for an ANSI C-conforming const
configure:11932: gcc -c -g -O2  conftest.c >&5
configure:11932: $? = 0
configure:11939: result: yes
configure:11947: checking for pid_t
configure:11947: gcc -c -g -O2  conftest.c >&5
configure:11947: $? = 0
configure:11947: gcc -c -g -O2  conftest.c >&5
conftest.c: In function 'main':
conftest.c:76:20: error: expected expression before ')' token
 if (sizeof ((pid_t)))
                    ^
configure:11947: $? = 1
configure: failed program was:
| /* confdefs.h */
| #define PACKAGE_NAME "htop"
| #define PACKAGE_TARNAME "htop"
| #define PACKAGE_VERSION "1.0.3"
| #define PACKAGE_STRING "htop 1.0.3"
| #define PACKAGE_BUGREPORT "hisham@gobolinux.org"
| #define PACKAGE_URL ""
| #define STDC_HEADERS 1
| #define HAVE_SYS_TYPES_H 1
| #define HAVE_SYS_STAT_H 1
| #define HAVE_STDLIB_H 1
| #define HAVE_STRING_H 1
| #define HAVE_MEMORY_H 1
| #define HAVE_STRINGS_H 1
| #define HAVE_INTTYPES_H 1
| #define HAVE_STDINT_H 1
| #define HAVE_UNISTD_H 1
| #define __EXTENSIONS__ 1
| #define _ALL_SOURCE 1
| #define _GNU_SOURCE 1
| #define _POSIX_PTHREAD_SEMANTICS 1
| #define _TANDEM_SOURCE 1
| #define PACKAGE "htop"
| #define VERSION "1.0.3"
| #define HAVE_DLFCN_H 1
| #define LT_OBJDIR ".libs/"
| #define HAVE_LIBM 1
| #define HAVE_DIRENT_H 1
| #define STDC_HEADERS 1
| #define HAVE_STDLIB_H 1
| #define HAVE_STRING_H 1
| #define HAVE_STRINGS_H 1
| #define HAVE_SYS_PARAM_H 1
| #define HAVE_SYS_TIME_H 1
| #define HAVE_UNISTD_H 1
| #define HAVE_EXECINFO_H 1
| #define HAVE__BOOL 1
| #define HAVE_STDBOOL_H 1
| /* end confdefs.h.  */
| #include <stdio.h>
| #ifdef HAVE_SYS_TYPES_H
| # include <sys/types.h>
| #endif
| #ifdef HAVE_SYS_STAT_H
| # include <sys/stat.h>
| #endif
| #ifdef STDC_HEADERS
| # include <stdlib.h>
| # include <stddef.h>
| #else
| # ifdef HAVE_STDLIB_H
| #  include <stdlib.h>
| # endif
| #endif
| #ifdef HAVE_STRING_H
| # if !defined STDC_HEADERS && defined HAVE_MEMORY_H
| #  include <memory.h>
| # endif
| # include <string.h>
| #endif
| #ifdef HAVE_STRINGS_H
| # include <strings.h>
| #endif
| #ifdef HAVE_INTTYPES_H
| # include <inttypes.h>
| #endif
| #ifdef HAVE_STDINT_H
| # include <stdint.h>
| #endif
| #ifdef HAVE_UNISTD_H
| # include <unistd.h>
| #endif
| int
| main ()
| {
| if (sizeof ((pid_t)))
| 	    return 0;
|   ;
|   return 0;
| }
configure:11947: result: yes
configure:11958: checking for uid_t in sys/types.h
configure:11977: result: yes
configure:11990: checking whether closedir returns void
configure:12014: gcc -o conftest -g -O2   conftest.c -lm  >&5
configure:12014: $? = 0
configure:12014: ./conftest
configure:12014: $? = 0
configure:12024: result: no
configure:12032: checking return type of signal handlers
configure:12050: gcc -c -g -O2  conftest.c >&5
conftest.c: In function 'main':
conftest.c:46:1: error: void value not ignored as it ought to be
 return *(signal (0, 0)) (0) == 1;
 ^
configure:12050: $? = 1
configure: failed program was:
| /* confdefs.h */
| #define PACKAGE_NAME "htop"
| #define PACKAGE_TARNAME "htop"
| #define PACKAGE_VERSION "1.0.3"
| #define PACKAGE_STRING "htop 1.0.3"
| #define PACKAGE_BUGREPORT "hisham@gobolinux.org"
| #define PACKAGE_URL ""
| #define STDC_HEADERS 1
| #define HAVE_SYS_TYPES_H 1
| #define HAVE_SYS_STAT_H 1
| #define HAVE_STDLIB_H 1
| #define HAVE_STRING_H 1
| #define HAVE_MEMORY_H 1
| #define HAVE_STRINGS_H 1
| #define HAVE_INTTYPES_H 1
| #define HAVE_STDINT_H 1
| #define HAVE_UNISTD_H 1
| #define __EXTENSIONS__ 1
| #define _ALL_SOURCE 1
| #define _GNU_SOURCE 1
| #define _POSIX_PTHREAD_SEMANTICS 1
| #define _TANDEM_SOURCE 1
| #define PACKAGE "htop"
| #define VERSION "1.0.3"
| #define HAVE_DLFCN_H 1
| #define LT_OBJDIR ".libs/"
| #define HAVE_LIBM 1
| #define HAVE_DIRENT_H 1
| #define STDC_HEADERS 1
| #define HAVE_STDLIB_H 1
| #define HAVE_STRING_H 1
| #define HAVE_STRINGS_H 1
| #define HAVE_SYS_PARAM_H 1
| #define HAVE_SYS_TIME_H 1
| #define HAVE_UNISTD_H 1
| #define HAVE_EXECINFO_H 1
| #define HAVE__BOOL 1
| #define HAVE_STDBOOL_H 1
| /* end confdefs.h.  */
| #include <sys/types.h>
| #include <signal.h>
| 
| int
| main ()
| {
| return *(signal (0, 0)) (0) == 1;
|   ;
|   return 0;
| }
configure:12057: result: void
configure:12065: checking whether lstat correctly handles trailing slash
configure:12091: gcc -o conftest -g -O2   conftest.c -lm  >&5
configure:12091: $? = 0
configure:12091: ./conftest
configure:12091: $? = 0
configure:12108: result: yes
configure:12127: checking whether stat accepts an empty string
configure:12147: gcc -o conftest -g -O2   conftest.c -lm  >&5
configure:12147: $? = 0
configure:12147: ./conftest
configure:12147: $? = 0
configure:12157: result: no
configure:12176: checking for memmove
configure:12176: gcc -o conftest -g -O2   conftest.c -lm  >&5
conftest.c:65:6: warning: conflicting types for built-in function 'memmove' [enabled by default]
 char memmove ();
      ^
configure:12176: $? = 0
configure:12176: result: yes
configure:12176: checking for strncasecmp
configure:12176: gcc -o conftest -g -O2   conftest.c -lm  >&5
conftest.c:66:6: warning: conflicting types for built-in function 'strncasecmp' [enabled by default]
 char strncasecmp ();
      ^
configure:12176: $? = 0
configure:12176: result: yes
configure:12176: checking for strstr
configure:12176: gcc -o conftest -g -O2   conftest.c -lm  >&5
conftest.c:67:6: warning: conflicting types for built-in function 'strstr' [enabled by default]
 char strstr ();
      ^
configure:12176: $? = 0
configure:12176: result: yes
configure:12176: checking for strdup
configure:12176: gcc -o conftest -g -O2   conftest.c -lm  >&5
conftest.c:68:6: warning: conflicting types for built-in function 'strdup' [enabled by default]
 char strdup ();
      ^
configure:12176: $? = 0
configure:12176: result: yes
configure:12188: checking whether gcc -std=c99 option works
configure:12201: gcc -c -g -O2 -std=c99  conftest.c >&5
configure:12201: $? = 0
configure:12202: result: yes
configure:12305: checking for refresh in -lncursesw
configure:12330: gcc -o conftest -g -O2   conftest.c -lncursesw  -lm  >&5
configure:12330: $? = 0
configure:12339: result: yes
configure:12357: checking ncursesw/curses.h usability
configure:12357: gcc -c -g -O2  conftest.c >&5
configure:12357: $? = 0
configure:12357: result: yes
configure:12357: checking ncursesw/curses.h presence
configure:12357: gcc -E  conftest.c
configure:12357: $? = 0
configure:12357: result: yes
configure:12357: checking for ncursesw/curses.h
configure:12357: result: yes
configure:12520: checking for /proc/stat
configure:12534: result: yes
configure:12543: checking for /proc/meminfo
configure:12557: result: yes
configure:12575: checking for usable sched_setaffinity
configure:12603: gcc -o conftest -g -O2   conftest.c -lncursesw -lm  >&5
configure:12603: $? = 0
configure:12603: ./conftest
configure:12603: $? = 0
configure:12604: result: yes
configure:12839: creating ./config.status

## ---------------------- ##
## Running config.status. ##
## ---------------------- ##

This file was extended by htop config.status 1.0.3, which was
generated by GNU Autoconf 2.69.  Invocation command line was

  CONFIG_FILES    = 
  CONFIG_HEADERS  = 
  CONFIG_LINKS    = 
  CONFIG_COMMANDS = 
  $ ./config.status 

on i122srv59.vu-wien.ac.at

config.status:1095: creating Makefile
config.status:1095: creating htop.1
config.status:1095: creating config.h
config.status:1276: config.h is unchanged
config.status:1324: executing depfiles commands
config.status:1324: executing libtool commands

## ---------------- ##
## Cache variables. ##
## ---------------- ##

ac_cv_build=x86_64-unknown-linux-gnu
ac_cv_c_compiler_gnu=yes
ac_cv_c_const=yes
ac_cv_env_CC_set=
ac_cv_env_CC_value=
ac_cv_env_CFLAGS_set=
ac_cv_env_CFLAGS_value=
ac_cv_env_CPPFLAGS_set=
ac_cv_env_CPPFLAGS_value=
ac_cv_env_CPP_set=
ac_cv_env_CPP_value=
ac_cv_env_LDFLAGS_set=
ac_cv_env_LDFLAGS_value=
ac_cv_env_LIBS_set=
ac_cv_env_LIBS_value=
ac_cv_env_build_alias_set=
ac_cv_env_build_alias_value=
ac_cv_env_host_alias_set=
ac_cv_env_host_alias_value=
ac_cv_env_target_alias_set=
ac_cv_env_target_alias_value=
ac_cv_file__proc_meminfo=yes
ac_cv_file__proc_stat=yes
ac_cv_func_closedir_void=no
ac_cv_func_lstat_dereferences_slashed_symlink=yes
ac_cv_func_memmove=yes
ac_cv_func_stat_empty_string_bug=no
ac_cv_func_strdup=yes
ac_cv_func_strncasecmp=yes
ac_cv_func_strstr=yes
ac_cv_header_dirent_dirent_h=yes
ac_cv_header_dlfcn_h=yes
ac_cv_header_execinfo_h=yes
ac_cv_header_inttypes_h=yes
ac_cv_header_memory_h=yes
ac_cv_header_minix_config_h=no
ac_cv_header_ncursesw_curses_h=yes
ac_cv_header_stdbool_h=yes
ac_cv_header_stdc=yes
ac_cv_header_stdint_h=yes
ac_cv_header_stdlib_h=yes
ac_cv_header_string_h=yes
ac_cv_header_strings_h=yes
ac_cv_header_sys_param_h=yes
ac_cv_header_sys_stat_h=yes
ac_cv_header_sys_time_h=yes
ac_cv_header_sys_types_h=yes
ac_cv_header_unistd_h=yes
ac_cv_host=x86_64-unknown-linux-gnu
ac_cv_lib_m_ceil=yes
ac_cv_lib_ncursesw_refresh=yes
ac_cv_objext=o
ac_cv_path_EGREP='/usr/bin/grep -E'
ac_cv_path_FGREP='/usr/bin/grep -F'
ac_cv_path_GREP=/usr/bin/grep
ac_cv_path_SED=/usr/bin/sed
ac_cv_path_install='/usr/bin/install -c'
ac_cv_path_mkdir=/usr/bin/mkdir
ac_cv_prog_AWK=gawk
ac_cv_prog_CPP='gcc -E'
ac_cv_prog_ac_ct_AR=ar
ac_cv_prog_ac_ct_CC=gcc
ac_cv_prog_ac_ct_OBJDUMP=objdump
ac_cv_prog_ac_ct_RANLIB=ranlib
ac_cv_prog_ac_ct_STRIP=strip
ac_cv_prog_cc_c89=
ac_cv_prog_cc_g=yes
ac_cv_prog_cc_gcc_c_o=yes
ac_cv_prog_make_make_set=yes
ac_cv_safe_to_define___extensions__=yes
ac_cv_search_opendir='none required'
ac_cv_target=x86_64-unknown-linux-gnu
ac_cv_type__Bool=yes
ac_cv_type_pid_t=yes
ac_cv_type_signal=void
ac_cv_type_uid_t=yes
am_cv_CC_dependencies_compiler_type=gcc3
lt_cv_deplibs_check_method=pass_all
lt_cv_file_magic_cmd='$MAGIC_CMD'
lt_cv_file_magic_test_file=
lt_cv_ld_reload_flag=-r
lt_cv_nm_interface='BSD nm'
lt_cv_objdir=.libs
lt_cv_path_LD=/usr/bin/ld
lt_cv_path_NM='/usr/bin/nm -B'
lt_cv_prog_compiler_c_o=yes
lt_cv_prog_compiler_pic_works=yes
lt_cv_prog_compiler_rtti_exceptions=no
lt_cv_prog_compiler_static_works=no
lt_cv_prog_gnu_ld=yes
lt_cv_shlibpath_overrides_runpath=no
lt_cv_sys_global_symbol_pipe='sed -n -e '\''s/^.*[	 ]\([ABCDGIRSTW][ABCDGIRSTW]*\)[	 ][	 ]*\([_A-Za-z][_A-Za-z0-9]*\)$/\1 \2 \2/p'\'''
lt_cv_sys_global_symbol_to_c_name_address='sed -n -e '\''s/^: \([^ ]*\) $/  {\"\1\", (void *) 0},/p'\'' -e '\''s/^[ABCDGIRSTW]* \([^ ]*\) \([^ ]*\)$/  {"\2", (void *) \&\2},/p'\'''
lt_cv_sys_global_symbol_to_c_name_address_lib_prefix='sed -n -e '\''s/^: \([^ ]*\) $/  {\"\1\", (void *) 0},/p'\'' -e '\''s/^[ABCDGIRSTW]* \([^ ]*\) \(lib[^ ]*\)$/  {"\2", (void *) \&\2},/p'\'' -e '\''s/^[ABCDGIRSTW]* \([^ ]*\) \([^ ]*\)$/  {"lib\2", (void *) \&\2},/p'\'''
lt_cv_sys_global_symbol_to_cdecl='sed -n -e '\''s/^T .* \(.*\)$/extern int \1();/p'\'' -e '\''s/^[ABCDGIRSTW]* .* \(.*\)$/extern char \1;/p'\'''
lt_cv_sys_max_cmd_len=1572864

## ----------------- ##
## Output variables. ##
## ----------------- ##

ACLOCAL='${SHELL} /Volumes/cluster/DistMap_v2.7.1/htop-1.0.3/missing --run aclocal-1.11'
AMDEPBACKSLASH='\'
AMDEP_FALSE='#'
AMDEP_TRUE=''
AMTAR='${SHELL} /Volumes/cluster/DistMap_v2.7.1/htop-1.0.3/missing --run tar'
AR='ar'
AUTOCONF='${SHELL} /Volumes/cluster/DistMap_v2.7.1/htop-1.0.3/missing --run autoconf'
AUTOHEADER='${SHELL} /Volumes/cluster/DistMap_v2.7.1/htop-1.0.3/missing --run autoheader'
AUTOMAKE='${SHELL} /Volumes/cluster/DistMap_v2.7.1/htop-1.0.3/missing --run automake-1.11'
AWK='gawk'
CC='gcc'
CCDEPMODE='depmode=gcc3'
CFLAGS='-g -O2'
CPP='gcc -E'
CPPFLAGS=''
CYGPATH_W='echo'
DEFS='-DHAVE_CONFIG_H'
DEPDIR='.deps'
DSYMUTIL=''
DUMPBIN=''
ECHO_C=''
ECHO_N='-n'
ECHO_T=''
EGREP='/usr/bin/grep -E'
EXEEXT=''
FGREP='/usr/bin/grep -F'
GREP='/usr/bin/grep'
INSTALL_DATA='${INSTALL} -m 644'
INSTALL_PROGRAM='${INSTALL}'
INSTALL_SCRIPT='${INSTALL}'
INSTALL_STRIP_PROGRAM='$(install_sh) -c -s'
LD='/usr/bin/ld -m elf_x86_64'
LDFLAGS=''
LIBOBJS=''
LIBS='-lncursesw -lm '
LIBTOOL='$(SHELL) $(top_builddir)/libtool'
LIPO=''
LN_S='ln -s'
LTLIBOBJS=''
MAKEINFO='${SHELL} /Volumes/cluster/DistMap_v2.7.1/htop-1.0.3/missing --run makeinfo'
MKDIR_P='/usr/bin/mkdir -p'
NM='/usr/bin/nm -B'
NMEDIT=''
OBJDUMP='objdump'
OBJEXT='o'
OTOOL64=''
OTOOL=''
PACKAGE='htop'
PACKAGE_BUGREPORT='hisham@gobolinux.org'
PACKAGE_NAME='htop'
PACKAGE_STRING='htop 1.0.3'
PACKAGE_TARNAME='htop'
PACKAGE_URL=''
PACKAGE_VERSION='1.0.3'
PATH_SEPARATOR=':'
RANLIB='ranlib'
SED='/usr/bin/sed'
SET_MAKE=''
SHELL='/bin/sh'
STRIP='strip'
VERSION='1.0.3'
ac_ct_CC='gcc'
ac_ct_DUMPBIN=''
am__EXEEXT_FALSE=''
am__EXEEXT_TRUE='#'
am__fastdepCC_FALSE='#'
am__fastdepCC_TRUE=''
am__include='include'
am__isrc=''
am__leading_dot='.'
am__quote=''
am__tar='${AMTAR} chof - "$$tardir"'
am__untar='${AMTAR} xf -'
bindir='${exec_prefix}/bin'
build='x86_64-unknown-linux-gnu'
build_alias=''
build_cpu='x86_64'
build_os='linux-gnu'
build_vendor='unknown'
datadir='${datarootdir}'
datarootdir='${prefix}/share'
docdir='${datarootdir}/doc/${PACKAGE_TARNAME}'
dvidir='${docdir}'
exec_prefix='${prefix}'
host='x86_64-unknown-linux-gnu'
host_alias=''
host_cpu='x86_64'
host_os='linux-gnu'
host_vendor='unknown'
htmldir='${docdir}'
includedir='${prefix}/include'
infodir='${datarootdir}/info'
install_sh='${SHELL} /Volumes/cluster/DistMap_v2.7.1/htop-1.0.3/install-sh'
libdir='${exec_prefix}/lib'
libexecdir='${exec_prefix}/libexec'
localedir='${datarootdir}/locale'
localstatedir='${prefix}/var'
mandir='${datarootdir}/man'
mkdir_p='/usr/bin/mkdir -p'
oldincludedir='/usr/include'
pdfdir='${docdir}'
prefix='/usr/local'
program_transform_name='s,x,x,'
psdir='${docdir}'
sbindir='${exec_prefix}/sbin'
sharedstatedir='${prefix}/com'
sysconfdir='${prefix}/etc'
target='x86_64-unknown-linux-gnu'
target_alias=''
target_cpu='x86_64'
target_os='linux-gnu'
target_vendor='unknown'

## ----------- ##
## confdefs.h. ##
## ----------- ##

/* confdefs.h */
#define PACKAGE_NAME "htop"
#define PACKAGE_TARNAME "htop"
#define PACKAGE_VERSION "1.0.3"
#define PACKAGE_STRING "htop 1.0.3"
#define PACKAGE_BUGREPORT "hisham@gobolinux.org"
#define PACKAGE_URL ""
#define STDC_HEADERS 1
#define HAVE_SYS_TYPES_H 1
#define HAVE_SYS_STAT_H 1
#define HAVE_STDLIB_H 1
#define HAVE_STRING_H 1
#define HAVE_MEMORY_H 1
#define HAVE_STRINGS_H 1
#define HAVE_INTTYPES_H 1
#define HAVE_STDINT_H 1
#define HAVE_UNISTD_H 1
#define __EXTENSIONS__ 1
#define _ALL_SOURCE 1
#define _GNU_SOURCE 1
#define _POSIX_PTHREAD_SEMANTICS 1
#define _TANDEM_SOURCE 1
#define PACKAGE "htop"
#define VERSION "1.0.3"
#define HAVE_DLFCN_H 1
#define LT_OBJDIR ".libs/"
#define HAVE_LIBM 1
#define HAVE_DIRENT_H 1
#define STDC_HEADERS 1
#define HAVE_STDLIB_H 1
#define HAVE_STRING_H 1
#define HAVE_STRINGS_H 1
#define HAVE_SYS_PARAM_H 1
#define HAVE_SYS_TIME_H 1
#define HAVE_UNISTD_H 1
#define HAVE_EXECINFO_H 1
#define HAVE__BOOL 1
#define HAVE_STDBOOL_H 1
#define RETSIGTYPE void
#define LSTAT_FOLLOWS_SLASHED_SYMLINK 1
#define HAVE_MEMMOVE 1
#define HAVE_STRNCASECMP 1
#define HAVE_STRSTR 1
#define HAVE_STRDUP 1
#define PROCDIR "/proc"
#define HAVE_TASKSTATS 1
#define HAVE_LIBNCURSESW 1
#define HAVE_NCURSESW_CURSES_H 1
#define HAVE_NATIVE_AFFINITY 1

configure: exit 0
