This file contains any messages produced by compilers while
running configure, to aid debugging if configure makes a mistake.

It was created by gmap configure 2015-12-31, which was
generated by GNU Autoconf 2.63.  Invocation command line was

  $ ./configure --prefix=/Volumes/cluster/DistMap_v2.7.1/executables/gmap-2015-12-31

## --------- ##
## Platform. ##
## --------- ##

hostname = i122mc144.vu-wien.ac.at
uname -m = x86_64
uname -r = 12.6.0
uname -s = Darwin
uname -v = Darwin Kernel Version 12.6.0: Wed Mar 18 16:23:48 PDT 2015; root:xnu-2050.48.19~1/RELEASE_X86_64

/usr/bin/uname -p = i386
/bin/uname -X     = unknown

/bin/arch              = unknown
/usr/bin/arch -k       = unknown
/usr/convex/getsysinfo = unknown
/usr/bin/hostinfo      = Mach kernel version:
	 Darwin Kernel Version 12.6.0: Wed Mar 18 16:23:48 PDT 2015; root:xnu-2050.48.19~1/RELEASE_X86_64
Kernel configured for up to 24 processors.
12 processors are physically available.
24 processors are logically available.
Processor type: i486 (Intel 80486)
Processors active: 0 1 2 3 4 5 6 7 8 9 10 11 12 13 14 15 16 17 18 19 20 21 22 23
Primary memory available: 32.00 gigabytes
Default processor set: 177 tasks, 889 threads, 24 processors
Load average: 2.09, Mach factor: 21.90
/bin/machine           = unknown
/usr/bin/oslevel       = unknown
/bin/universe          = unknown

PATH: /Library/Frameworks/Python.framework/Versions/3.4/bin
PATH: /Library/Frameworks/Python.framework/Versions/2.7/bin
PATH: /usr/bin
PATH: /bin
PATH: /usr/sbin
PATH: /sbin
PATH: /usr/local/bin


## ----------- ##
## Core tests. ##
## ----------- ##

configure:2106: checking package version
configure:2108: result: 2015-12-31
configure:2159: checking CFLAGS
configure:2163: result: not set by user so using default -O3
configure:2198: checking MPI_CFLAGS
configure:2201: result: 
configure:2250: checking build system type
configure:2268: result: x86_64-apple-darwin12.6.0
configure:2290: checking host system type
configure:2305: result: x86_64-apple-darwin12.6.0
configure:2327: checking target system type
configure:2342: result: x86_64-apple-darwin12.6.0
configure:2418: checking for gcc
configure:2434: found /usr/bin/gcc
configure:2445: result: gcc
configure:2677: checking for C compiler version
configure:2685: gcc --version >&5
i686-apple-darwin11-llvm-gcc-4.2 (GCC) 4.2.1 (Based on Apple Inc. build 5658) (LLVM build 2336.11.00)
Copyright (C) 2007 Free Software Foundation, Inc.
This is free software; see the source for copying conditions.  There is NO
warranty; not even for MERCHANTABILITY or FITNESS FOR A PARTICULAR PURPOSE.

configure:2689: $? = 0
configure:2696: gcc -v >&5
Using built-in specs.
Target: i686-apple-darwin11
Configured with: /private/var/tmp/llvmgcc42/llvmgcc42-2336.11~182/src/configure --disable-checking --enable-werror --prefix=/Applications/Xcode.app/Contents/Developer/usr/llvm-gcc-4.2 --mandir=/share/man --enable-languages=c,objc,c++,obj-c++ --program-prefix=llvm- --program-transform-name=/^[cg][^.-]*$/s/$/-4.2/ --with-slibdir=/usr/lib --build=i686-apple-darwin11 --enable-llvm=/private/var/tmp/llvmgcc42/llvmgcc42-2336.11~182/dst-llvmCore/Developer/usr/local --program-prefix=i686-apple-darwin11- --host=x86_64-apple-darwin11 --target=i686-apple-darwin11 --with-gxx-include-dir=/usr/include/c++/4.2.1
Thread model: posix
gcc version 4.2.1 (Based on Apple Inc. build 5658) (LLVM build 2336.11.00)
configure:2700: $? = 0
configure:2707: gcc -V >&5
llvm-gcc-4.2: argument to `-V' is missing
configure:2711: $? = 1
configure:2734: checking for C compiler default output file name
configure:2756: gcc -O3   conftest.c  >&5
configure:2760: $? = 0
configure:2798: result: a.out
configure:2817: checking whether the C compiler works
configure:2827: ./a.out
configure:2831: $? = 0
configure:2850: result: yes
configure:2857: checking whether we are cross compiling
configure:2859: result: no
configure:2862: checking for suffix of executables
configure:2869: gcc -o conftest -O3   conftest.c  >&5
configure:2873: $? = 0
configure:2899: result: 
configure:2905: checking for suffix of object files
configure:2931: gcc -c -O3  conftest.c >&5
configure:2935: $? = 0
configure:2960: result: o
configure:2964: checking whether we are using the GNU C compiler
configure:2993: gcc -c -O3  conftest.c >&5
configure:3000: $? = 0
configure:3017: result: yes
configure:3026: checking whether gcc accepts -g
configure:3056: gcc -c -g  conftest.c >&5
configure:3063: $? = 0
configure:3164: result: yes
configure:3181: checking for gcc option to accept ISO C89
configure:3255: gcc  -c -O3  conftest.c >&5
configure:3262: $? = 0
configure:3285: result: none needed
configure:3311: checking for special C compiler options needed for large files
configure:3406: result: no
configure:3412: checking for _FILE_OFFSET_BITS value needed for large files
configure:3447: gcc -c -O3  conftest.c >&5
configure:3454: $? = 0
configure:3523: result: no
configure:3689: checking for a BSD-compatible install
configure:3757: result: /usr/bin/install -c
configure:3768: checking whether build environment is sane
configure:3828: result: yes
configure:3959: checking for a thread-safe mkdir -p
configure:3998: result: config/install-sh -c -d
configure:4011: checking for gawk
configure:4041: result: no
configure:4011: checking for mawk
configure:4041: result: no
configure:4011: checking for nawk
configure:4041: result: no
configure:4011: checking for awk
configure:4027: found /usr/bin/awk
configure:4038: result: awk
configure:4049: checking whether make sets $(MAKE)
configure:4071: result: yes
configure:4101: checking for style of include used by make
configure:4129: result: GNU
configure:4216: checking dependency style of gcc
configure:4326: result: gcc3
configure:4377: checking bindir
configure:4408: result: /Volumes/cluster/DistMap_v2.7.1/executables/gmap-2015-12-31/bin
configure:4438: checking for a working version of perl
configure:4470: result: /usr/bin/perl
configure:4529: checking for gcc
configure:4556: result: gcc
configure:4788: checking for C compiler version
configure:4796: gcc --version >&5
i686-apple-darwin11-llvm-gcc-4.2 (GCC) 4.2.1 (Based on Apple Inc. build 5658) (LLVM build 2336.11.00)
Copyright (C) 2007 Free Software Foundation, Inc.
This is free software; see the source for copying conditions.  There is NO
warranty; not even for MERCHANTABILITY or FITNESS FOR A PARTICULAR PURPOSE.

configure:4800: $? = 0
configure:4807: gcc -v >&5
Using built-in specs.
Target: i686-apple-darwin11
Configured with: /private/var/tmp/llvmgcc42/llvmgcc42-2336.11~182/src/configure --disable-checking --enable-werror --prefix=/Applications/Xcode.app/Contents/Developer/usr/llvm-gcc-4.2 --mandir=/share/man --enable-languages=c,objc,c++,obj-c++ --program-prefix=llvm- --program-transform-name=/^[cg][^.-]*$/s/$/-4.2/ --with-slibdir=/usr/lib --build=i686-apple-darwin11 --enable-llvm=/private/var/tmp/llvmgcc42/llvmgcc42-2336.11~182/dst-llvmCore/Developer/usr/local --program-prefix=i686-apple-darwin11- --host=x86_64-apple-darwin11 --target=i686-apple-darwin11 --with-gxx-include-dir=/usr/include/c++/4.2.1
Thread model: posix
gcc version 4.2.1 (Based on Apple Inc. build 5658) (LLVM build 2336.11.00)
configure:4811: $? = 0
configure:4818: gcc -V >&5
llvm-gcc-4.2: argument to `-V' is missing
configure:4822: $? = 1
configure:4825: checking whether we are using the GNU C compiler
configure:4878: result: yes
configure:4887: checking whether gcc accepts -g
configure:5025: result: yes
configure:5042: checking for gcc option to accept ISO C89
configure:5146: result: none needed
configure:5165: checking whether gcc and cc understand -c and -o together
configure:5200: gcc -c conftest.c -o conftest2.o >&5
configure:5204: $? = 0
configure:5210: gcc -c conftest.c -o conftest2.o >&5
configure:5214: $? = 0
configure:5225: cc -c conftest.c >&5
configure:5229: $? = 0
configure:5237: cc -c conftest.c -o conftest2.o >&5
configure:5241: $? = 0
configure:5247: cc -c conftest.c -o conftest2.o >&5
configure:5251: $? = 0
configure:5269: result: yes
configure:5306: checking for mpicc
configure:5339: result: no
configure:5306: checking for hcc
configure:5339: result: no
configure:5306: checking for mpxlc_r
configure:5339: result: no
configure:5306: checking for mpxlc
configure:5339: result: no
configure:5306: checking for mpcc
configure:5339: result: no
configure:5306: checking for cmpicc
configure:5339: result: no
configure:5306: checking for cc
configure:5324: found /usr/bin/cc
configure:5336: result: /usr/bin/cc
configure:5353: checking for MPI_Init
configure:5409: /usr/bin/cc -o conftest -O3   conftest.c  >&5
Undefined symbols for architecture x86_64:
  "_MPI_Init", referenced from:
      _main in conftest-UYN1oo.o
ld: symbol(s) not found for architecture x86_64
clang: error: linker command failed with exit code 1 (use -v to see invocation)
configure:5416: $? = 1
configure: failed program was:
| /* confdefs.h.  */
| #define PACKAGE_NAME "gmap"
| #define PACKAGE_TARNAME "gmap"
| #define PACKAGE_VERSION "2015-12-31"
| #define PACKAGE_STRING "gmap 2015-12-31"
| #define PACKAGE_BUGREPORT "Thomas Wu <twu@gene.com>"
| #define PACKAGE "gmap"
| #define VERSION "2015-12-31"
| /* end confdefs.h.  */
| /* Define MPI_Init to an innocuous variant, in case <limits.h> declares MPI_Init.
|    For example, HP-UX 11i <limits.h> declares gettimeofday.  */
| #define MPI_Init innocuous_MPI_Init
| 
| /* System header to define __stub macros and hopefully few prototypes,
|     which can conflict with char MPI_Init (); below.
|     Prefer <limits.h> to <assert.h> if __STDC__ is defined, since
|     <limits.h> exists even on freestanding compilers.  */
| 
| #ifdef __STDC__
| # include <limits.h>
| #else
| # include <assert.h>
| #endif
| 
| #undef MPI_Init
| 
| /* Override any GCC internal prototype to avoid an error.
|    Use char because int might match the return type of a GCC
|    builtin and then its argument prototype would still apply.  */
| #ifdef __cplusplus
| extern "C"
| #endif
| char MPI_Init ();
| /* The GNU C library defines this for functions which it implements
|     to always fail with ENOSYS.  Some functions are actually named
|     something starting with __ and the normal name is an alias.  */
| #if defined __stub_MPI_Init || defined __stub___MPI_Init
| choke me
| #endif
| 
| int
| main ()
| {
| return MPI_Init ();
|   ;
|   return 0;
| }
configure:5436: result: no
configure:5445: checking for MPI_Init in -lmpi
configure:5480: /usr/bin/cc -o conftest -O3   conftest.c -lmpi   >&5
ld: library not found for -lmpi
clang: error: linker command failed with exit code 1 (use -v to see invocation)
configure:5487: $? = 1
configure: failed program was:
| /* confdefs.h.  */
| #define PACKAGE_NAME "gmap"
| #define PACKAGE_TARNAME "gmap"
| #define PACKAGE_VERSION "2015-12-31"
| #define PACKAGE_STRING "gmap 2015-12-31"
| #define PACKAGE_BUGREPORT "Thomas Wu <twu@gene.com>"
| #define PACKAGE "gmap"
| #define VERSION "2015-12-31"
| /* end confdefs.h.  */
| 
| /* Override any GCC internal prototype to avoid an error.
|    Use char because int might match the return type of a GCC
|    builtin and then its argument prototype would still apply.  */
| #ifdef __cplusplus
| extern "C"
| #endif
| char MPI_Init ();
| int
| main ()
| {
| return MPI_Init ();
|   ;
|   return 0;
| }
configure:5508: result: no
configure:5516: checking for MPI_Init in -lmpich
configure:5551: /usr/bin/cc -o conftest -O3   conftest.c -lmpich   >&5
ld: library not found for -lmpich
clang: error: linker command failed with exit code 1 (use -v to see invocation)
configure:5558: $? = 1
configure: failed program was:
| /* confdefs.h.  */
| #define PACKAGE_NAME "gmap"
| #define PACKAGE_TARNAME "gmap"
| #define PACKAGE_VERSION "2015-12-31"
| #define PACKAGE_STRING "gmap 2015-12-31"
| #define PACKAGE_BUGREPORT "Thomas Wu <twu@gene.com>"
| #define PACKAGE "gmap"
| #define VERSION "2015-12-31"
| /* end confdefs.h.  */
| 
| /* Override any GCC internal prototype to avoid an error.
|    Use char because int might match the return type of a GCC
|    builtin and then its argument prototype would still apply.  */
| #ifdef __cplusplus
| extern "C"
| #endif
| char MPI_Init ();
| int
| main ()
| {
| return MPI_Init ();
|   ;
|   return 0;
| }
configure:5579: result: no
configure:5690: checking for a sed that does not truncate output
configure:5756: result: /usr/bin/sed
configure:5774: checking for grep that handles long lines and -e
configure:5834: result: /usr/bin/grep
configure:5839: checking for egrep
configure:5903: result: /usr/bin/grep -E
configure:5908: checking for fgrep
configure:5972: result: /usr/bin/grep -F
configure:6007: checking for ld used by gcc
configure:6074: result: /usr/llvm-gcc-4.2/libexec/gcc/i686-apple-darwin11/4.2.1/ld
configure:6083: checking if the linker (/usr/llvm-gcc-4.2/libexec/gcc/i686-apple-darwin11/4.2.1/ld) is GNU ld
configure:6098: result: no
configure:6110: checking for BSD- or MS-compatible name lister (nm)
configure:6159: result: /usr/bin/nm
configure:6277: checking the name lister (/usr/bin/nm) interface
configure:6284: gcc -c -O3  conftest.c >&5
configure:6287: /usr/bin/nm "conftest.o"
configure:6290: output
0000000000000000 S _some_variable
configure:6297: result: BSD nm
configure:6300: checking whether ln -s works
configure:6304: result: yes
configure:6312: checking the maximum length of command line arguments
configure:6432: result: 196608
configure:6449: checking whether the shell understands some XSI constructs
configure:6459: result: yes
configure:6463: checking whether the shell understands "+="
configure:6469: result: yes
configure:6504: checking for /usr/llvm-gcc-4.2/libexec/gcc/i686-apple-darwin11/4.2.1/ld option to reload object files
configure:6511: result: -r
configure:6580: checking for objdump
configure:6610: result: no
configure:6639: checking how to recognize dependent libraries
configure:6835: result: pass_all
configure:6895: checking for ar
configure:6911: found /usr/bin/ar
configure:6922: result: ar
configure:7000: checking for strip
configure:7016: found /usr/bin/strip
configure:7027: result: strip
configure:7099: checking for ranlib
configure:7115: found /usr/bin/ranlib
configure:7126: result: ranlib
configure:7216: checking command to parse /usr/bin/nm output from gcc object
configure:7334: gcc -c -O3  conftest.c >&5
configure:7337: $? = 0
configure:7341: /usr/bin/nm conftest.o \| sed -n -e 's/^.*[	 ]\([BCDEGRST][BCDEGRST]*\)[	 ][	 ]*\([_A-Za-z][_A-Za-z0-9]*\)$/\1 \2 \2/p' \> conftest.nm
configure:7344: $? = 0
cannot find nm_test_var in conftest.nm
configure:7334: gcc -c -O3  conftest.c >&5
configure:7337: $? = 0
configure:7341: /usr/bin/nm conftest.o \| sed -n -e 's/^.*[	 ]\([BCDEGRST][BCDEGRST]*\)[	 ][	 ]*_\([_A-Za-z][_A-Za-z0-9]*\)$/\1 _\2 \2/p' \> conftest.nm
configure:7344: $? = 0
configure:7398: gcc -o conftest -O3   conftest.c conftstm.o >&5
configure:7401: $? = 0
configure:7439: result: ok
configure:7732: checking for dsymutil
configure:7748: found /usr/bin/dsymutil
configure:7759: result: dsymutil
configure:7824: checking for nmedit
configure:7840: found /usr/bin/nmedit
configure:7851: result: nmedit
configure:7916: checking for lipo
configure:7932: found /usr/bin/lipo
configure:7943: result: lipo
configure:8008: checking for otool
configure:8024: found /usr/bin/otool
configure:8035: result: otool
configure:8100: checking for otool64
configure:8130: result: no
configure:8175: checking for -single_module linker flag
gcc -O3  -o libconftest.dylib -dynamiclib -Wl,-single_module conftest.c
configure:8202: result: yes
configure:8204: checking for -exported_symbols_list linker flag
configure:8234: gcc -o conftest -O3   -Wl,-exported_symbols_list,conftest.sym conftest.c  >&5
configure:8241: $? = 0
configure:8263: result: yes
configure:8305: checking how to run the C preprocessor
configure:8345: gcc -E  conftest.c
configure:8352: $? = 0
configure:8383: gcc -E  conftest.c
conftest.c:10:28: error: ac_nonexistent.h: No such file or directory
configure:8390: $? = 1
configure: failed program was:
| /* confdefs.h.  */
| #define PACKAGE_NAME "gmap"
| #define PACKAGE_TARNAME "gmap"
| #define PACKAGE_VERSION "2015-12-31"
| #define PACKAGE_STRING "gmap 2015-12-31"
| #define PACKAGE_BUGREPORT "Thomas Wu <twu@gene.com>"
| #define PACKAGE "gmap"
| #define VERSION "2015-12-31"
| /* end confdefs.h.  */
| #include <ac_nonexistent.h>
configure:8423: result: gcc -E
configure:8452: gcc -E  conftest.c
configure:8459: $? = 0
configure:8490: gcc -E  conftest.c
conftest.c:10:28: error: ac_nonexistent.h: No such file or directory
configure:8497: $? = 1
configure: failed program was:
| /* confdefs.h.  */
| #define PACKAGE_NAME "gmap"
| #define PACKAGE_TARNAME "gmap"
| #define PACKAGE_VERSION "2015-12-31"
| #define PACKAGE_STRING "gmap 2015-12-31"
| #define PACKAGE_BUGREPORT "Thomas Wu <twu@gene.com>"
| #define PACKAGE "gmap"
| #define VERSION "2015-12-31"
| /* end confdefs.h.  */
| #include <ac_nonexistent.h>
configure:8537: checking for ANSI C header files
configure:8567: gcc -c -O3  conftest.c >&5
configure:8574: $? = 0
configure:8673: gcc -o conftest -O3   conftest.c  >&5
configure:8677: $? = 0
configure:8683: ./conftest
configure:8687: $? = 0
configure:8705: result: yes
configure:8729: checking for sys/types.h
configure:8750: gcc -c -O3  conftest.c >&5
configure:8757: $? = 0
configure:8774: result: yes
configure:8729: checking for sys/stat.h
configure:8750: gcc -c -O3  conftest.c >&5
configure:8757: $? = 0
configure:8774: result: yes
configure:8729: checking for stdlib.h
configure:8750: gcc -c -O3  conftest.c >&5
configure:8757: $? = 0
configure:8774: result: yes
configure:8729: checking for string.h
configure:8750: gcc -c -O3  conftest.c >&5
configure:8757: $? = 0
configure:8774: result: yes
configure:8729: checking for memory.h
configure:8750: gcc -c -O3  conftest.c >&5
configure:8757: $? = 0
configure:8774: result: yes
configure:8729: checking for strings.h
configure:8750: gcc -c -O3  conftest.c >&5
configure:8757: $? = 0
configure:8774: result: yes
configure:8729: checking for inttypes.h
configure:8750: gcc -c -O3  conftest.c >&5
configure:8757: $? = 0
configure:8774: result: yes
configure:8729: checking for stdint.h
configure:8750: gcc -c -O3  conftest.c >&5
configure:8757: $? = 0
configure:8774: result: yes
configure:8729: checking for unistd.h
configure:8750: gcc -c -O3  conftest.c >&5
configure:8757: $? = 0
configure:8774: result: yes
configure:8792: checking for dlfcn.h
configure:8813: gcc -c -O3  conftest.c >&5
configure:8820: $? = 0
configure:8837: result: yes
configure:9023: checking for objdir
configure:9038: result: .libs
configure:9334: checking if gcc supports -fno-rtti -fno-exceptions
configure:9352: gcc -c -O3  -fno-rtti -fno-exceptions conftest.c >&5
cc1: warning: command line option "-fno-rtti" is valid for C++/ObjC++ but not for C
configure:9356: $? = 0
configure:9369: result: no
configure:9389: checking for gcc option to produce PIC
configure:9661: result: -fno-common -DPIC
configure:9673: checking if gcc PIC flag -fno-common -DPIC works
configure:9691: gcc -c -O3  -fno-common -DPIC -DPIC conftest.c >&5
configure:9695: $? = 0
configure:9708: result: yes
configure:9732: checking if gcc static flag -static works
configure:9760: result: no
configure:9775: checking if gcc supports -c -o file.o
configure:9796: gcc -c -O3  -o out/conftest2.o conftest.c >&5
configure:9800: $? = 0
configure:9822: result: yes
configure:9830: checking if gcc supports -c -o file.o
configure:9877: result: yes
configure:9910: checking whether the gcc linker (/usr/llvm-gcc-4.2/libexec/gcc/i686-apple-darwin11/4.2.1/ld) supports shared libraries
configure:10984: result: yes
configure:11223: checking dynamic linker characteristics
configure:11909: result: darwin12.6.0 dyld
configure:12011: checking how to hardcode library paths into programs
configure:12036: result: immediate
configure:12869: checking whether stripping libraries is possible
configure:12883: result: yes
configure:12909: checking if libtool supports shared libraries
configure:12911: result: yes
configure:12914: checking whether to build shared libraries
configure:12935: result: yes
configure:12938: checking whether to build static libraries
configure:12942: result: yes
configure:12980: checking for rint in -lm
configure:13015: gcc -o conftest -O3   conftest.c -lm   >&5
conftest.c:29: warning: conflicting types for built-in function 'rint'
configure:13022: $? = 0
configure:13043: result: yes
configure:13065: checking whether to use MPI_File for input
configure:13091: result: not specified so enabled by default
configure:13104: checking for pthreads feature
configure:13556: result: not specified so enabled by default
configure:13753: checking for the pthreads library -lpthreads
configure:13796: gcc -o conftest -O3    conftest.c -lpthreads -lm  >&5
ld: library not found for -lpthreads
collect2: ld returned 1 exit status
configure:13803: $? = 1
configure: failed program was:
| /* confdefs.h.  */
| #define PACKAGE_NAME "gmap"
| #define PACKAGE_TARNAME "gmap"
| #define PACKAGE_VERSION "2015-12-31"
| #define PACKAGE_STRING "gmap 2015-12-31"
| #define PACKAGE_BUGREPORT "Thomas Wu <twu@gene.com>"
| #define PACKAGE "gmap"
| #define VERSION "2015-12-31"
| #define STDC_HEADERS 1
| #define HAVE_SYS_TYPES_H 1
| #define HAVE_SYS_STAT_H 1
| #define HAVE_STDLIB_H 1
| #define HAVE_STRING_H 1
| #define HAVE_MEMORY_H 1
| #define HAVE_STRINGS_H 1
| #define HAVE_INTTYPES_H 1
| #define HAVE_STDINT_H 1
| #define HAVE_UNISTD_H 1
| #define HAVE_DLFCN_H 1
| #define LT_OBJDIR ".libs/"
| #define HAVE_LIBM 1
| #define USE_MPI_FILE_INPUT 1
| /* end confdefs.h.  */
| #include <pthread.h>
| int
| main ()
| {
| pthread_t th; pthread_join(th, 0);
|                      pthread_attr_init(0); pthread_cleanup_push(0, 0);
|                      pthread_create(0,0,0,0); pthread_cleanup_pop(0);
|   ;
|   return 0;
| }
configure:13826: result: no
configure:13698: checking whether pthreads work without any flags
configure:13796: gcc -o conftest -O3    conftest.c  -lm  >&5
configure:13803: $? = 0
configure:13826: result: yes
configure:13845: checking for joinable pthread attribute
configure:13870: gcc -o conftest -O3    conftest.c  -lm  >&5
configure:13877: $? = 0
configure:13897: result: PTHREAD_CREATE_JOINABLE
configure:13907: checking if more special flags are required for pthreads
configure:13914: result: -D_THREAD_SAFE
configure:13926: checking for cc_r
configure:13954: result: gcc
configure:13994: checking for ANSI C header files
configure:14162: result: yes
configure:14180: checking for dirent.h that defines DIR
configure:14209: gcc -c -O3  conftest.c >&5
configure:14216: $? = 0
configure:14233: result: yes
configure:14248: checking for library containing opendir
configure:14289: gcc -o conftest -O3   conftest.c -lm  >&5
configure:14296: $? = 0
configure:14327: result: none required
configure:14448: checking fcntl.h usability
configure:14465: gcc -c -O3  conftest.c >&5
configure:14472: $? = 0
configure:14486: result: yes
configure:14490: checking fcntl.h presence
configure:14505: gcc -E  conftest.c
configure:14512: $? = 0
configure:14526: result: yes
configure:14559: checking for fcntl.h
configure:14568: result: yes
configure:14448: checking limits.h usability
configure:14465: gcc -c -O3  conftest.c >&5
configure:14472: $? = 0
configure:14486: result: yes
configure:14490: checking limits.h presence
configure:14505: gcc -E  conftest.c
configure:14512: $? = 0
configure:14526: result: yes
configure:14559: checking for limits.h
configure:14568: result: yes
configure:14448: checking stddef.h usability
configure:14465: gcc -c -O3  conftest.c >&5
configure:14472: $? = 0
configure:14486: result: yes
configure:14490: checking stddef.h presence
configure:14505: gcc -E  conftest.c
configure:14512: $? = 0
configure:14526: result: yes
configure:14559: checking for stddef.h
configure:14568: result: yes
configure:14437: checking for stdlib.h
configure:14444: result: yes
configure:14437: checking for string.h
configure:14444: result: yes
configure:14437: checking for strings.h
configure:14444: result: yes
configure:14437: checking for unistd.h
configure:14444: result: yes
configure:14437: checking for sys/types.h
configure:14444: result: yes
configure:14586: checking whether byte ordering is bigendian
configure:14611: gcc -c -O3  conftest.c >&5
configure:14618: $? = 0
configure:14668: gcc -c -O3  conftest.c >&5
configure:14675: $? = 0
configure:14707: gcc -c -O3  conftest.c >&5
conftest.c: In function 'main':
conftest.c:42: error: 'not' undeclared (first use in this function)
conftest.c:42: error: (Each undeclared identifier is reported only once
conftest.c:42: error: for each function it appears in.)
conftest.c:42: error: expected ';' before 'big'
configure:14714: $? = 1
configure: failed program was:
| /* confdefs.h.  */
| #define PACKAGE_NAME "gmap"
| #define PACKAGE_TARNAME "gmap"
| #define PACKAGE_VERSION "2015-12-31"
| #define PACKAGE_STRING "gmap 2015-12-31"
| #define PACKAGE_BUGREPORT "Thomas Wu <twu@gene.com>"
| #define PACKAGE "gmap"
| #define VERSION "2015-12-31"
| #define STDC_HEADERS 1
| #define HAVE_SYS_TYPES_H 1
| #define HAVE_SYS_STAT_H 1
| #define HAVE_STDLIB_H 1
| #define HAVE_STRING_H 1
| #define HAVE_MEMORY_H 1
| #define HAVE_STRINGS_H 1
| #define HAVE_INTTYPES_H 1
| #define HAVE_STDINT_H 1
| #define HAVE_UNISTD_H 1
| #define HAVE_DLFCN_H 1
| #define LT_OBJDIR ".libs/"
| #define HAVE_LIBM 1
| #define USE_MPI_FILE_INPUT 1
| #define HAVE_PTHREAD 1
| #define STDC_HEADERS 1
| #define HAVE_DIRENT_H 1
| #define HAVE_FCNTL_H 1
| #define HAVE_LIMITS_H 1
| #define HAVE_STDDEF_H 1
| #define HAVE_STDLIB_H 1
| #define HAVE_STRING_H 1
| #define HAVE_STRINGS_H 1
| #define HAVE_UNISTD_H 1
| #define HAVE_SYS_TYPES_H 1
| /* end confdefs.h.  */
| #include <sys/types.h>
| 		#include <sys/param.h>
| 
| int
| main ()
| {
| #if BYTE_ORDER != BIG_ENDIAN
| 		 not big endian
| 		#endif
| 
|   ;
|   return 0;
| }
configure:14966: result: no
configure:14991: checking for an ANSI C-conforming const
configure:15066: gcc -c -O3  conftest.c >&5
configure:15073: $? = 0
configure:15088: result: yes
configure:15098: checking for working volatile
configure:15127: gcc -c -O3  conftest.c >&5
configure:15134: $? = 0
configure:15149: result: yes
configure:15159: checking for size_t
configure:15187: gcc -c -O3  conftest.c >&5
configure:15194: $? = 0
configure:15221: gcc -c -O3  conftest.c >&5
conftest.c: In function 'main':
conftest.c:71: error: expected expression before ')' token
configure:15228: $? = 1
configure: failed program was:
| /* confdefs.h.  */
| #define PACKAGE_NAME "gmap"
| #define PACKAGE_TARNAME "gmap"
| #define PACKAGE_VERSION "2015-12-31"
| #define PACKAGE_STRING "gmap 2015-12-31"
| #define PACKAGE_BUGREPORT "Thomas Wu <twu@gene.com>"
| #define PACKAGE "gmap"
| #define VERSION "2015-12-31"
| #define STDC_HEADERS 1
| #define HAVE_SYS_TYPES_H 1
| #define HAVE_SYS_STAT_H 1
| #define HAVE_STDLIB_H 1
| #define HAVE_STRING_H 1
| #define HAVE_MEMORY_H 1
| #define HAVE_STRINGS_H 1
| #define HAVE_INTTYPES_H 1
| #define HAVE_STDINT_H 1
| #define HAVE_UNISTD_H 1
| #define HAVE_DLFCN_H 1
| #define LT_OBJDIR ".libs/"
| #define HAVE_LIBM 1
| #define USE_MPI_FILE_INPUT 1
| #define HAVE_PTHREAD 1
| #define STDC_HEADERS 1
| #define HAVE_DIRENT_H 1
| #define HAVE_FCNTL_H 1
| #define HAVE_LIMITS_H 1
| #define HAVE_STDDEF_H 1
| #define HAVE_STDLIB_H 1
| #define HAVE_STRING_H 1
| #define HAVE_STRINGS_H 1
| #define HAVE_UNISTD_H 1
| #define HAVE_SYS_TYPES_H 1
| /* end confdefs.h.  */
| #include <stdio.h>
| #ifdef HAVE_SYS_TYPES_H
| # include <sys/types.h>
| #endif
| #ifdef HAVE_SYS_STAT_H
| # include <sys/stat.h>
| #endif
| #ifdef STDC_HEADERS
| # include <stdlib.h>
| # include <stddef.h>
| #else
| # ifdef HAVE_STDLIB_H
| #  include <stdlib.h>
| # endif
| #endif
| #ifdef HAVE_STRING_H
| # if !defined STDC_HEADERS && defined HAVE_MEMORY_H
| #  include <memory.h>
| # endif
| # include <string.h>
| #endif
| #ifdef HAVE_STRINGS_H
| # include <strings.h>
| #endif
| #ifdef HAVE_INTTYPES_H
| # include <inttypes.h>
| #endif
| #ifdef HAVE_STDINT_H
| # include <stdint.h>
| #endif
| #ifdef HAVE_UNISTD_H
| # include <unistd.h>
| #endif
| int
| main ()
| {
| if (sizeof ((size_t)))
| 	  return 0;
|   ;
|   return 0;
| }
configure:15251: result: yes
configure:15263: checking for off_t
configure:15291: gcc -c -O3  conftest.c >&5
configure:15298: $? = 0
configure:15325: gcc -c -O3  conftest.c >&5
conftest.c: In function 'main':
conftest.c:71: error: expected expression before ')' token
configure:15332: $? = 1
configure: failed program was:
| /* confdefs.h.  */
| #define PACKAGE_NAME "gmap"
| #define PACKAGE_TARNAME "gmap"
| #define PACKAGE_VERSION "2015-12-31"
| #define PACKAGE_STRING "gmap 2015-12-31"
| #define PACKAGE_BUGREPORT "Thomas Wu <twu@gene.com>"
| #define PACKAGE "gmap"
| #define VERSION "2015-12-31"
| #define STDC_HEADERS 1
| #define HAVE_SYS_TYPES_H 1
| #define HAVE_SYS_STAT_H 1
| #define HAVE_STDLIB_H 1
| #define HAVE_STRING_H 1
| #define HAVE_MEMORY_H 1
| #define HAVE_STRINGS_H 1
| #define HAVE_INTTYPES_H 1
| #define HAVE_STDINT_H 1
| #define HAVE_UNISTD_H 1
| #define HAVE_DLFCN_H 1
| #define LT_OBJDIR ".libs/"
| #define HAVE_LIBM 1
| #define USE_MPI_FILE_INPUT 1
| #define HAVE_PTHREAD 1
| #define STDC_HEADERS 1
| #define HAVE_DIRENT_H 1
| #define HAVE_FCNTL_H 1
| #define HAVE_LIMITS_H 1
| #define HAVE_STDDEF_H 1
| #define HAVE_STDLIB_H 1
| #define HAVE_STRING_H 1
| #define HAVE_STRINGS_H 1
| #define HAVE_UNISTD_H 1
| #define HAVE_SYS_TYPES_H 1
| /* end confdefs.h.  */
| #include <stdio.h>
| #ifdef HAVE_SYS_TYPES_H
| # include <sys/types.h>
| #endif
| #ifdef HAVE_SYS_STAT_H
| # include <sys/stat.h>
| #endif
| #ifdef STDC_HEADERS
| # include <stdlib.h>
| # include <stddef.h>
| #else
| # ifdef HAVE_STDLIB_H
| #  include <stdlib.h>
| # endif
| #endif
| #ifdef HAVE_STRING_H
| # if !defined STDC_HEADERS && defined HAVE_MEMORY_H
| #  include <memory.h>
| # endif
| # include <string.h>
| #endif
| #ifdef HAVE_STRINGS_H
| # include <strings.h>
| #endif
| #ifdef HAVE_INTTYPES_H
| # include <inttypes.h>
| #endif
| #ifdef HAVE_STDINT_H
| # include <stdint.h>
| #endif
| #ifdef HAVE_UNISTD_H
| # include <unistd.h>
| #endif
| int
| main ()
| {
| if (sizeof ((off_t)))
| 	  return 0;
|   ;
|   return 0;
| }
configure:15355: result: yes
configure:15367: checking for caddr_t
configure:15395: gcc -c -O3  conftest.c >&5
configure:15402: $? = 0
configure:15429: gcc -c -O3  conftest.c >&5
conftest.c: In function 'main':
conftest.c:71: error: expected expression before ')' token
configure:15436: $? = 1
configure: failed program was:
| /* confdefs.h.  */
| #define PACKAGE_NAME "gmap"
| #define PACKAGE_TARNAME "gmap"
| #define PACKAGE_VERSION "2015-12-31"
| #define PACKAGE_STRING "gmap 2015-12-31"
| #define PACKAGE_BUGREPORT "Thomas Wu <twu@gene.com>"
| #define PACKAGE "gmap"
| #define VERSION "2015-12-31"
| #define STDC_HEADERS 1
| #define HAVE_SYS_TYPES_H 1
| #define HAVE_SYS_STAT_H 1
| #define HAVE_STDLIB_H 1
| #define HAVE_STRING_H 1
| #define HAVE_MEMORY_H 1
| #define HAVE_STRINGS_H 1
| #define HAVE_INTTYPES_H 1
| #define HAVE_STDINT_H 1
| #define HAVE_UNISTD_H 1
| #define HAVE_DLFCN_H 1
| #define LT_OBJDIR ".libs/"
| #define HAVE_LIBM 1
| #define USE_MPI_FILE_INPUT 1
| #define HAVE_PTHREAD 1
| #define STDC_HEADERS 1
| #define HAVE_DIRENT_H 1
| #define HAVE_FCNTL_H 1
| #define HAVE_LIMITS_H 1
| #define HAVE_STDDEF_H 1
| #define HAVE_STDLIB_H 1
| #define HAVE_STRING_H 1
| #define HAVE_STRINGS_H 1
| #define HAVE_UNISTD_H 1
| #define HAVE_SYS_TYPES_H 1
| /* end confdefs.h.  */
| #include <stdio.h>
| #ifdef HAVE_SYS_TYPES_H
| # include <sys/types.h>
| #endif
| #ifdef HAVE_SYS_STAT_H
| # include <sys/stat.h>
| #endif
| #ifdef STDC_HEADERS
| # include <stdlib.h>
| # include <stddef.h>
| #else
| # ifdef HAVE_STDLIB_H
| #  include <stdlib.h>
| # endif
| #endif
| #ifdef HAVE_STRING_H
| # if !defined STDC_HEADERS && defined HAVE_MEMORY_H
| #  include <memory.h>
| # endif
| # include <string.h>
| #endif
| #ifdef HAVE_STRINGS_H
| # include <strings.h>
| #endif
| #ifdef HAVE_INTTYPES_H
| # include <inttypes.h>
| #endif
| #ifdef HAVE_STDINT_H
| # include <stdint.h>
| #endif
| #ifdef HAVE_UNISTD_H
| # include <unistd.h>
| #endif
| int
| main ()
| {
| if (sizeof ((caddr_t)))
| 	  return 0;
|   ;
|   return 0;
| }
configure:15459: result: yes
configure:15474: checking size of unsigned long
configure:15779: gcc -o conftest -O3   conftest.c -lm  >&5
configure:15783: $? = 0
configure:15789: ./conftest
configure:15793: $? = 0
configure:15819: result: 8
configure:15833: checking size of unsigned long long
configure:16138: gcc -o conftest -O3   conftest.c -lm  >&5
configure:16142: $? = 0
configure:16148: ./conftest
configure:16152: $? = 0
configure:16178: result: 8
configure:16192: checking size of off_t
configure:16497: gcc -o conftest -O3   conftest.c -lm  >&5
configure:16501: $? = 0
configure:16507: ./conftest
configure:16511: $? = 0
configure:16537: result: 8
configure:16554: checking for _LARGEFILE_SOURCE value needed for large files
configure:16583: gcc -o conftest -O3   conftest.c -lm  >&5
configure:16590: $? = 0
configure:16663: result: no
configure:16689: checking whether alloca is enabled
configure:17087: result: not specified so enabled by default
configure:17091: checking for working alloca.h
configure:17118: gcc -o conftest -O3   conftest.c -lm  >&5
configure:17125: $? = 0
configure:17145: result: yes
configure:17155: checking for alloca
configure:17202: gcc -o conftest -O3   conftest.c -lm  >&5
configure:17209: $? = 0
configure:17229: result: yes
configure:17470: checking whether mmap is enabled
configure:17877: result: not specified so enabled by default
configure:17890: checking for working mmap with MAP_FIXED
configure:18035: gcc -o conftest -O3   conftest.c -lm  >&5
configure:18042: $? = 0
configure:18062: result: yes
configure:18083: checking for working mmap with MAP_VARIABLE
configure:18228: gcc -o conftest -O3   conftest.c -lm  >&5
conftest.c: In function 'main':
conftest.c:146: error: 'MAP_VARIABLE' undeclared (first use in this function)
conftest.c:146: error: (Each undeclared identifier is reported only once
conftest.c:146: error: for each function it appears in.)
configure:18235: $? = 1
configure: failed program was:
| /* confdefs.h.  */
| #define PACKAGE_NAME "gmap"
| #define PACKAGE_TARNAME "gmap"
| #define PACKAGE_VERSION "2015-12-31"
| #define PACKAGE_STRING "gmap 2015-12-31"
| #define PACKAGE_BUGREPORT "Thomas Wu <twu@gene.com>"
| #define PACKAGE "gmap"
| #define VERSION "2015-12-31"
| #define STDC_HEADERS 1
| #define HAVE_SYS_TYPES_H 1
| #define HAVE_SYS_STAT_H 1
| #define HAVE_STDLIB_H 1
| #define HAVE_STRING_H 1
| #define HAVE_MEMORY_H 1
| #define HAVE_STRINGS_H 1
| #define HAVE_INTTYPES_H 1
| #define HAVE_STDINT_H 1
| #define HAVE_UNISTD_H 1
| #define HAVE_DLFCN_H 1
| #define LT_OBJDIR ".libs/"
| #define HAVE_LIBM 1
| #define USE_MPI_FILE_INPUT 1
| #define HAVE_PTHREAD 1
| #define STDC_HEADERS 1
| #define HAVE_DIRENT_H 1
| #define HAVE_FCNTL_H 1
| #define HAVE_LIMITS_H 1
| #define HAVE_STDDEF_H 1
| #define HAVE_STDLIB_H 1
| #define HAVE_STRING_H 1
| #define HAVE_STRINGS_H 1
| #define HAVE_UNISTD_H 1
| #define HAVE_SYS_TYPES_H 1
| #define HAVE_CADDR_T 1
| #define SIZEOF_UNSIGNED_LONG 8
| #define SIZEOF_UNSIGNED_LONG_LONG 8
| #define SIZEOF_OFF_T 8
| #define HAVE_FSEEKO 1
| #define HAVE_ALLOCA_H 1
| #define HAVE_ALLOCA 1
| /* end confdefs.h.  */
| 
| /* This modified from a test by Mike Haertel and Jim Avera.
|    Here is a matrix of mmap possibilities:
| 	mmap private not fixed
| 	mmap private fixed at somewhere currently unmapped
| 	mmap private fixed at somewhere already mapped
| 	mmap shared not fixed
| 	mmap shared fixed at somewhere currently unmapped
| 	mmap shared fixed at somewhere already mapped
| 
|    For private mappings, we should verify that changes cannot be read()
|    back from the file, nor mmap's back from the file at a different
|    address.  (There have been systems where private was not correctly
|    implemented like the infamous i386 svr4.0, and systems where the
|    VM page cache was not coherent with the file system buffer cache
|    like early versions of FreeBSD and possibly contemporary NetBSD.)
|    For shared mappings, we should conversely verify that changes get
|    propagated back to all the places they're supposed to be.
| 
|    Previous test was designed for grep, which needs private fixed already mapped.
|    We want shared variable.
| */
| 
| #include <fcntl.h>
| #include <sys/mman.h>
| #include <stdlib.h>
| #include <unistd.h>
| 
| #if !STDC_HEADERS && !HAVE_STDLIB_H
| char *malloc ();
| #endif
| 
| /* This mess was copied from the GNU getpagesize.h.  */
| #if !HAVE_GETPAGESIZE
| /* Assume that all systems that can run configure have sys/param.h.  */
| # if !HAVE_SYS_PARAM_H
| #  define HAVE_SYS_PARAM_H 1
| # endif
| 
| # ifdef _SC_PAGESIZE
| #  define getpagesize() sysconf(_SC_PAGESIZE)
| # else /* no _SC_PAGESIZE */
| #  if HAVE_SYS_PARAM_H
| #   include <sys/param.h>
| #   ifdef EXEC_PAGESIZE
| #    define getpagesize() EXEC_PAGESIZE
| #   else /* no EXEC_PAGESIZE */
| #    ifdef NBPG
| #     define getpagesize() NBPG * CLSIZE
| #     ifndef CLSIZE
| #      define CLSIZE 1
| #     endif /* no CLSIZE */
| #    else /* no NBPG */
| #     ifdef NBPC
| #      define getpagesize() NBPC
| #     else /* no NBPC */
| #      ifdef PAGESIZE
| #       define getpagesize() PAGESIZE
| #      endif /* PAGESIZE */
| #     endif /* no NBPC */
| #    endif /* no NBPG */
| #   endif /* no EXEC_PAGESIZE */
| #  else /* no HAVE_SYS_PARAM_H */
| #   define getpagesize() 8192	/* punt totally */
| #  endif /* no HAVE_SYS_PARAM_H */
| # endif /* no _SC_PAGESIZE */
| 
| #endif /* no HAVE_GETPAGESIZE */
| 
| int
| main ()
| {
| 
|   char *data, *data2, *data3;
|   size_t i, pagesize;
|   int fd;
| 
|   pagesize = getpagesize ();
| 
|   /* First, make a file with some known garbage in it. */
|   data = (char *) malloc (pagesize);
|   if (!data)
|     exit (1);
|   for (i = 0; i < pagesize; ++i)
|     *(data + i) = rand ();
|   umask (0);
|   fd = creat ("conftest.mmap", 0600);
|   if (fd < 0)
|     exit (1);
|   if (write (fd, data, pagesize) != pagesize)
|     exit (1);
|   close (fd);
| 
|   /* Next, try to mmap the file at a fixed address which already has
|      something else allocated at it.  If we can, also make sure that
|      we see the same garbage.  */
|   fd = open ("conftest.mmap", O_RDWR);
|   if (fd < 0)
|     exit (1);
|   data2 = (char *) malloc (2 * pagesize);
|   if (!data2)
|     exit (1);
|   data2 += (pagesize - ((size_t) data2 & (pagesize - 1))) & (pagesize - 1);
|   if (data2 != mmap (data2, pagesize, PROT_READ | PROT_WRITE,
|                      MAP_PRIVATE | MAP_VARIABLE, fd, 0L))
|     exit (1);
|   for (i = 0; i < pagesize; ++i)
|     if (*(data + i) != *(data2 + i))
|       exit (1);
| 
|   /* Finally, make sure that changes to the mapped area do not
|      percolate back to the file as seen by read().  (This is a bug on
|      some variants of i386 svr4.0.)  */
|   for (i = 0; i < pagesize; ++i)
|     *(data2 + i) = *(data2 + i) + 1;
|   data3 = (char *) malloc (pagesize);
|   if (!data3)
|     exit (1);
|   if (read (fd, data3, pagesize) != pagesize)
|     exit (1);
|   for (i = 0; i < pagesize; ++i)
|     if (*(data + i) != *(data3 + i))
|       exit (1);
|   close (fd);
|   exit (0);
| 
|   ;
|   return 0;
| }
configure:18255: result: no
configure:18294: checking for MAP_FILE in mmap
configure:18318: gcc -c -O3  conftest.c >&5
configure:18325: $? = 0
configure:18330: result: yes
configure:18347: checking for MAP_VARIABLE in mmap
configure:18371: gcc -c -O3  conftest.c >&5
conftest.c: In function 'main':
conftest.c:49: error: 'MAP_VARIABLE' undeclared (first use in this function)
conftest.c:49: error: (Each undeclared identifier is reported only once
conftest.c:49: error: for each function it appears in.)
configure:18378: $? = 1
configure: failed program was:
| /* confdefs.h.  */
| #define PACKAGE_NAME "gmap"
| #define PACKAGE_TARNAME "gmap"
| #define PACKAGE_VERSION "2015-12-31"
| #define PACKAGE_STRING "gmap 2015-12-31"
| #define PACKAGE_BUGREPORT "Thomas Wu <twu@gene.com>"
| #define PACKAGE "gmap"
| #define VERSION "2015-12-31"
| #define STDC_HEADERS 1
| #define HAVE_SYS_TYPES_H 1
| #define HAVE_SYS_STAT_H 1
| #define HAVE_STDLIB_H 1
| #define HAVE_STRING_H 1
| #define HAVE_MEMORY_H 1
| #define HAVE_STRINGS_H 1
| #define HAVE_INTTYPES_H 1
| #define HAVE_STDINT_H 1
| #define HAVE_UNISTD_H 1
| #define HAVE_DLFCN_H 1
| #define LT_OBJDIR ".libs/"
| #define HAVE_LIBM 1
| #define USE_MPI_FILE_INPUT 1
| #define HAVE_PTHREAD 1
| #define STDC_HEADERS 1
| #define HAVE_DIRENT_H 1
| #define HAVE_FCNTL_H 1
| #define HAVE_LIMITS_H 1
| #define HAVE_STDDEF_H 1
| #define HAVE_STDLIB_H 1
| #define HAVE_STRING_H 1
| #define HAVE_STRINGS_H 1
| #define HAVE_UNISTD_H 1
| #define HAVE_SYS_TYPES_H 1
| #define HAVE_CADDR_T 1
| #define SIZEOF_UNSIGNED_LONG 8
| #define SIZEOF_UNSIGNED_LONG_LONG 8
| #define SIZEOF_OFF_T 8
| #define HAVE_FSEEKO 1
| #define HAVE_ALLOCA_H 1
| #define HAVE_ALLOCA 1
| #define HAVE_MMAP 1
| #define HAVE_MMAP_MAP_FILE 1
| /* end confdefs.h.  */
| #include <sys/types.h>
| #include <sys/mman.h>
| int
| main ()
| {
| int flags = MAP_VARIABLE;
|   ;
|   return 0;
| }
configure:18394: result: no
configure:18400: checking for MAP_SHARED in mmap
configure:18424: gcc -c -O3  conftest.c >&5
configure:18431: $? = 0
configure:18436: result: yes
configure:18453: checking for MAP_PRIVATE in mmap
configure:18477: gcc -c -O3  conftest.c >&5
configure:18484: $? = 0
configure:18489: result: yes
configure:18506: checking for MAP_FAILED in mmap
configure:18530: gcc -c -O3  conftest.c >&5
configure:18537: $? = 0
configure:18542: result: yes
configure:18575: checking for MADV_DONTNEED in madvise
configure:18599: gcc -c -O3  conftest.c >&5
configure:18606: $? = 0
configure:18611: result: yes
configure:18628: checking for MADV_WILLNEED in madvise
configure:18652: gcc -c -O3  conftest.c >&5
configure:18659: $? = 0
configure:18664: result: yes
configure:18681: checking for MADV_RANDOM in madvise
configure:18705: gcc -c -O3  conftest.c >&5
configure:18712: $? = 0
configure:18717: result: yes
configure:18734: checking for MADV_SEQUENTIAL in madvise
configure:18758: gcc -c -O3  conftest.c >&5
configure:18765: $? = 0
configure:18770: result: yes
configure:18803: checking for SHM_NORESERVE in shmget
configure:18827: gcc -c -O3  conftest.c >&5
conftest.c: In function 'main':
conftest.c:55: error: 'SHM_NORESERVE' undeclared (first use in this function)
conftest.c:55: error: (Each undeclared identifier is reported only once
conftest.c:55: error: for each function it appears in.)
configure:18834: $? = 1
configure: failed program was:
| /* confdefs.h.  */
| #define PACKAGE_NAME "gmap"
| #define PACKAGE_TARNAME "gmap"
| #define PACKAGE_VERSION "2015-12-31"
| #define PACKAGE_STRING "gmap 2015-12-31"
| #define PACKAGE_BUGREPORT "Thomas Wu <twu@gene.com>"
| #define PACKAGE "gmap"
| #define VERSION "2015-12-31"
| #define STDC_HEADERS 1
| #define HAVE_SYS_TYPES_H 1
| #define HAVE_SYS_STAT_H 1
| #define HAVE_STDLIB_H 1
| #define HAVE_STRING_H 1
| #define HAVE_MEMORY_H 1
| #define HAVE_STRINGS_H 1
| #define HAVE_INTTYPES_H 1
| #define HAVE_STDINT_H 1
| #define HAVE_UNISTD_H 1
| #define HAVE_DLFCN_H 1
| #define LT_OBJDIR ".libs/"
| #define HAVE_LIBM 1
| #define USE_MPI_FILE_INPUT 1
| #define HAVE_PTHREAD 1
| #define STDC_HEADERS 1
| #define HAVE_DIRENT_H 1
| #define HAVE_FCNTL_H 1
| #define HAVE_LIMITS_H 1
| #define HAVE_STDDEF_H 1
| #define HAVE_STDLIB_H 1
| #define HAVE_STRING_H 1
| #define HAVE_STRINGS_H 1
| #define HAVE_UNISTD_H 1
| #define HAVE_SYS_TYPES_H 1
| #define HAVE_CADDR_T 1
| #define SIZEOF_UNSIGNED_LONG 8
| #define SIZEOF_UNSIGNED_LONG_LONG 8
| #define SIZEOF_OFF_T 8
| #define HAVE_FSEEKO 1
| #define HAVE_ALLOCA_H 1
| #define HAVE_ALLOCA 1
| #define HAVE_MMAP 1
| #define HAVE_MMAP_MAP_FILE 1
| #define HAVE_MMAP_MAP_SHARED 1
| #define HAVE_MMAP_MAP_PRIVATE 1
| #define HAVE_MADVISE_MADV_DONTNEED 1
| #define HAVE_MADVISE_MADV_WILLNEED 1
| #define HAVE_MADVISE_MADV_RANDOM 1
| #define HAVE_MADVISE_MADV_SEQUENTIAL 1
| /* end confdefs.h.  */
| #include <sys/ipc.h>
| #include <sys/shm.h>
| int
| main ()
| {
| int flags = SHM_NORESERVE;
|   ;
|   return 0;
| }
configure:18850: result: no
configure:18891: checking for ceil
configure:18947: gcc -o conftest -O3   conftest.c -lm  >&5
conftest.c:73: warning: conflicting types for built-in function 'ceil'
configure:18954: $? = 0
configure:18976: result: yes
configure:18891: checking for floor
configure:18947: gcc -o conftest -O3   conftest.c -lm  >&5
conftest.c:74: warning: conflicting types for built-in function 'floor'
configure:18954: $? = 0
configure:18976: result: yes
configure:18891: checking for index
configure:18947: gcc -o conftest -O3   conftest.c -lm  >&5
conftest.c:75: warning: conflicting types for built-in function 'index'
configure:18954: $? = 0
configure:18976: result: yes
configure:18891: checking for log
configure:18947: gcc -o conftest -O3   conftest.c -lm  >&5
conftest.c:76: warning: conflicting types for built-in function 'log'
configure:18954: $? = 0
configure:18976: result: yes
configure:18891: checking for madvise
configure:18947: gcc -o conftest -O3   conftest.c -lm  >&5
configure:18954: $? = 0
configure:18976: result: yes
configure:18891: checking for memcpy
configure:18947: gcc -o conftest -O3   conftest.c -lm  >&5
conftest.c:78: warning: conflicting types for built-in function 'memcpy'
configure:18954: $? = 0
configure:18976: result: yes
configure:18891: checking for memmove
configure:18947: gcc -o conftest -O3   conftest.c -lm  >&5
conftest.c:79: warning: conflicting types for built-in function 'memmove'
configure:18954: $? = 0
configure:18976: result: yes
configure:18891: checking for memset
configure:18947: gcc -o conftest -O3   conftest.c -lm  >&5
conftest.c:80: warning: conflicting types for built-in function 'memset'
configure:18954: $? = 0
configure:18976: result: yes
configure:18891: checking for munmap
configure:18947: gcc -o conftest -O3   conftest.c -lm  >&5
configure:18954: $? = 0
configure:18976: result: yes
configure:18891: checking for pow
configure:18947: gcc -o conftest -O3   conftest.c -lm  >&5
conftest.c:82: warning: conflicting types for built-in function 'pow'
configure:18954: $? = 0
configure:18976: result: yes
configure:18891: checking for rint
configure:18947: gcc -o conftest -O3   conftest.c -lm  >&5
conftest.c:83: warning: conflicting types for built-in function 'rint'
configure:18954: $? = 0
configure:18976: result: yes
configure:18891: checking for stat64
configure:18947: gcc -o conftest -O3   conftest.c -lm  >&5
configure:18954: $? = 0
configure:18976: result: yes
configure:18891: checking for strtoul
configure:18947: gcc -o conftest -O3   conftest.c -lm  >&5
configure:18954: $? = 0
configure:18976: result: yes
configure:18891: checking for sysconf
configure:18947: gcc -o conftest -O3   conftest.c -lm  >&5
configure:18954: $? = 0
configure:18976: result: yes
configure:18891: checking for sysctl
configure:18947: gcc -o conftest -O3   conftest.c -lm  >&5
configure:18954: $? = 0
configure:18976: result: yes
configure:18891: checking for sigaction
configure:18947: gcc -o conftest -O3   conftest.c -lm  >&5
configure:18954: $? = 0
configure:18976: result: yes
configure:18891: checking for shmget
configure:18947: gcc -o conftest -O3   conftest.c -lm  >&5
configure:18954: $? = 0
configure:18976: result: yes
configure:18891: checking for shmctl
configure:18947: gcc -o conftest -O3   conftest.c -lm  >&5
configure:18954: $? = 0
configure:18976: result: yes
configure:18891: checking for shmat
configure:18947: gcc -o conftest -O3   conftest.c -lm  >&5
configure:18954: $? = 0
configure:18976: result: yes
configure:18891: checking for shmdt
configure:18947: gcc -o conftest -O3   conftest.c -lm  >&5
configure:18954: $? = 0
configure:18976: result: yes
configure:18891: checking for semget
configure:18947: gcc -o conftest -O3   conftest.c -lm  >&5
configure:18954: $? = 0
configure:18976: result: yes
configure:18891: checking for semctl
configure:18947: gcc -o conftest -O3   conftest.c -lm  >&5
configure:18954: $? = 0
configure:18976: result: yes
configure:18891: checking for semop
configure:18947: gcc -o conftest -O3   conftest.c -lm  >&5
configure:18954: $? = 0
configure:18976: result: yes
configure:18998: checking for struct stat64
configure:19021: gcc -c -O3  conftest.c >&5
conftest.c: In function 'main':
conftest.c:77: warning: 'stat64' is deprecated (declared at /usr/include/sys/stat.h:466)
configure:19028: $? = 0
configure:19033: result: yes
configure:19066: checking for pagesize via sysconf
configure:19089: gcc -c -O3  conftest.c >&5
configure:19096: $? = 0
configure:19101: result: yes
configure:19118: checking for pagesize via sysctl
configure:19142: gcc -c -O3  conftest.c >&5
configure:19149: $? = 0
configure:19154: result: yes
configure:19180: checking whether fopen accepts "b" mode
configure:19210: gcc -o conftest -O3   conftest.c -lm  >&5
configure:19214: $? = 0
configure:19220: ./conftest
configure:19224: $? = 0
configure:19241: result: yes
configure:19251: checking whether fopen accepts "t" mode
configure:19281: gcc -o conftest -O3   conftest.c -lm  >&5
configure:19285: $? = 0
configure:19291: ./conftest
configure:19295: $? = 0
configure:19312: result: yes
configure:19323: checking for builtin popcount/clz/ctz features
configure:19653: result: not specified so enabled by default
configure:19668: checking whether -mpopcnt compiler flag works
configure:19706: gcc -o conftest -O3 -mpopcnt   conftest.c -lm  >&5
cc1: error: unrecognized command line option "-mpopcnt"
configure:19710: $? = 1
configure: program exited with status 1
configure: failed program was:
| /* confdefs.h.  */
| #define PACKAGE_NAME "gmap"
| #define PACKAGE_TARNAME "gmap"
| #define PACKAGE_VERSION "2015-12-31"
| #define PACKAGE_STRING "gmap 2015-12-31"
| #define PACKAGE_BUGREPORT "Thomas Wu <twu@gene.com>"
| #define PACKAGE "gmap"
| #define VERSION "2015-12-31"
| #define STDC_HEADERS 1
| #define HAVE_SYS_TYPES_H 1
| #define HAVE_SYS_STAT_H 1
| #define HAVE_STDLIB_H 1
| #define HAVE_STRING_H 1
| #define HAVE_MEMORY_H 1
| #define HAVE_STRINGS_H 1
| #define HAVE_INTTYPES_H 1
| #define HAVE_STDINT_H 1
| #define HAVE_UNISTD_H 1
| #define HAVE_DLFCN_H 1
| #define LT_OBJDIR ".libs/"
| #define HAVE_LIBM 1
| #define USE_MPI_FILE_INPUT 1
| #define HAVE_PTHREAD 1
| #define STDC_HEADERS 1
| #define HAVE_DIRENT_H 1
| #define HAVE_FCNTL_H 1
| #define HAVE_LIMITS_H 1
| #define HAVE_STDDEF_H 1
| #define HAVE_STDLIB_H 1
| #define HAVE_STRING_H 1
| #define HAVE_STRINGS_H 1
| #define HAVE_UNISTD_H 1
| #define HAVE_SYS_TYPES_H 1
| #define HAVE_CADDR_T 1
| #define SIZEOF_UNSIGNED_LONG 8
| #define SIZEOF_UNSIGNED_LONG_LONG 8
| #define SIZEOF_OFF_T 8
| #define HAVE_FSEEKO 1
| #define HAVE_ALLOCA_H 1
| #define HAVE_ALLOCA 1
| #define HAVE_MMAP 1
| #define HAVE_MMAP_MAP_FILE 1
| #define HAVE_MMAP_MAP_SHARED 1
| #define HAVE_MMAP_MAP_PRIVATE 1
| #define HAVE_MADVISE_MADV_DONTNEED 1
| #define HAVE_MADVISE_MADV_WILLNEED 1
| #define HAVE_MADVISE_MADV_RANDOM 1
| #define HAVE_MADVISE_MADV_SEQUENTIAL 1
| #define HAVE_CEIL 1
| #define HAVE_FLOOR 1
| #define HAVE_INDEX 1
| #define HAVE_LOG 1
| #define HAVE_MADVISE 1
| #define HAVE_MEMCPY 1
| #define HAVE_MEMMOVE 1
| #define HAVE_MEMSET 1
| #define HAVE_MUNMAP 1
| #define HAVE_POW 1
| #define HAVE_RINT 1
| #define HAVE_STAT64 1
| #define HAVE_STRTOUL 1
| #define HAVE_SYSCONF 1
| #define HAVE_SYSCTL 1
| #define HAVE_SIGACTION 1
| #define HAVE_SHMGET 1
| #define HAVE_SHMCTL 1
| #define HAVE_SHMAT 1
| #define HAVE_SHMDT 1
| #define HAVE_SEMGET 1
| #define HAVE_SEMCTL 1
| #define HAVE_SEMOP 1
| #define HAVE_STRUCT_STAT64 1
| #define PAGESIZE_VIA_SYSCONF 1
| #define PAGESIZE_VIA_SYSCTL 1
| #define USE_FOPEN_BINARY 1
| #define USE_FOPEN_TEXT 1
| /* end confdefs.h.  */
| #include <stdio.h>
| #include <stdlib.h>
| int
| main ()
| {
| unsigned int x = rand();
| printf("%08X ",x);
| printf("clz=%d ",__builtin_clz(x));
| printf("ctz=%d ",__builtin_ctz(x));
| printf("popcount=%d ",__builtin_popcount(x));
| 
|   ;
|   return 0;
| }
configure:19731: result: no
configure:19745: checking for __builtin_popcount
configure:19777: gcc -o conftest -O3   conftest.c -lm  >&5
configure:19781: $? = 0
configure:19787: ./conftest
configure:19791: $? = 0
configure:19793: result: yes
configure:19815: checking for __builtin_clz
configure:19847: gcc -o conftest -O3   conftest.c -lm  >&5
configure:19851: $? = 0
configure:19857: ./conftest
configure:19861: $? = 0
configure:19863: result: yes
configure:19885: checking for __builtin_ctz
configure:19917: gcc -o conftest -O3   conftest.c -lm  >&5
configure:19921: $? = 0
configure:19927: ./conftest
configure:19931: $? = 0
configure:19933: result: yes
configure:19980: checking for bsr instruction in assembly
configure:20003: gcc -c -O3  conftest.c >&5
configure:20010: $? = 0
configure:20015: result: yes
configure:20041: checking whether sse2 is enabled
configure:20064: result: not specified so enabled by default
configure:20082: checking compiler is defective and requires an immediate in sse2 shift commands
configure:20110: gcc -c -O3  conftest.c >&5
configure:20117: $? = 0
configure:20132: result: no
configure:20152: checking whether ssse3 is enabled
configure:20180: result: not specified so enabled by default
configure:20189: checking whether sse4.1 is enabled
configure:20217: result: not specified so enabled by default
configure:20225: checking whether sse4.2 is enabled
configure:20253: result: not specified so enabled by default
configure:20261: checking whether avx is enabled
configure:20289: result: not specified so enabled by default
configure:20297: checking whether avx2 is enabled
configure:20325: result: not specified so enabled by default
configure:20333: checking whether simd is enabled
configure:22742: result: not specified so enabled by default
configure:22850: checking for x86 cpuid 0x00000001 output
configure:22889: gcc -o conftest -O3   conftest.c -lm  >&5
configure:22893: $? = 0
configure:22899: ./conftest
configure:22903: $? = 0
configure:22920: result: 206c2:200800:29ee3ff:bfebfbff
configure:22937: checking whether mmx is enabled and supported by CPU
configure:22951: result: yes
configure:22954: checking whether sse is enabled and supported by CPU
configure:22967: result: yes
configure:22970: checking whether sse2 is enabled and supported by CPU
configure:22985: result: yes
configure:22988: checking whether sse3 is enabled and supported by CPU
configure:23001: result: yes
configure:23004: checking whether ssse3 is enabled and supported by CPU
configure:23019: result: yes
configure:23022: checking whether sse4.1 is enabled and supported by CPU
configure:23037: result: yes
configure:23040: checking whether sse4.2 is enabled and supported by CPU
configure:23055: result: yes
configure:23058: checking whether avx is enabled and supported by CPU
configure:23073: result: no
configure:23194: checking whether popcnt is enabled and supported by CPU
configure:23206: result: yes
configure:23217: checking for x86 cpuid 0x80000001 output
configure:23256: gcc -o conftest -O3   conftest.c -lm  >&5
configure:23260: $? = 0
configure:23266: ./conftest
configure:23270: $? = 0
configure:23287: result: 0:0:1:2c100800
configure:23299: checking whether lzcnt is enabled and supported by CPU
configure:23311: result: no
configure:23322: checking for x86 cpuid 0x00000007 output
configure:23361: gcc -o conftest -O3   conftest.c -lm  >&5
configure:23365: $? = 0
configure:23371: ./conftest
configure:23375: $? = 0
configure:23392: result: 0:0:0:0
configure:23405: checking whether avx2 is enabled and supported by CPU
configure:23420: result: no
configure:23423: checking whether bmi1 is enabled and supported by CPU
configure:23435: result: no
configure:23438: checking whether bmi2 is enabled and supported by CPU
configure:23450: result: no
configure:23454: checking whether C compiler accepts -mmmx
configure:23483: gcc -c -O3  -mmmx  conftest.c >&5
configure:23490: $? = 0
configure:23506: result: yes
configure:23519: checking for mmintrin.h header file
configure:23543: gcc -o conftest -mmmx   conftest.c -lm  >&5
configure:23550: $? = 0
configure:23575: result: yes
configure:23589: checking whether C compiler accepts -msse
configure:23618: gcc -c -mmmx  -msse  conftest.c >&5
configure:23625: $? = 0
configure:23641: result: yes
configure:23654: checking for xmmintrin.h header file
configure:23678: gcc -o conftest -msse   conftest.c -lm  >&5
configure:23685: $? = 0
configure:23710: result: yes
configure:23724: checking whether C compiler accepts -msse2
configure:23753: gcc -c -msse  -msse2  conftest.c >&5
configure:23760: $? = 0
configure:23776: result: yes
configure:23789: checking for emmintrin.h header file
configure:23813: gcc -o conftest -msse2   conftest.c -lm  >&5
configure:23820: $? = 0
configure:23845: result: yes
configure:23859: checking whether C compiler accepts -msse3
configure:23888: gcc -c -msse2  -msse3  conftest.c >&5
configure:23895: $? = 0
configure:23911: result: yes
configure:23924: checking for pmmintrin.h header file
configure:23948: gcc -o conftest -msse3   conftest.c -lm  >&5
configure:23955: $? = 0
configure:23980: result: yes
configure:23994: checking whether C compiler accepts -mssse3
configure:24023: gcc -c -msse3  -mssse3  conftest.c >&5
configure:24030: $? = 0
configure:24046: result: yes
configure:24059: checking for tmmintrin.h header file
configure:24083: gcc -o conftest -mssse3   conftest.c -lm  >&5
configure:24090: $? = 0
configure:24115: result: yes
configure:24129: checking whether C compiler accepts -msse4.1
configure:24158: gcc -c -mssse3  -msse4.1  conftest.c >&5
configure:24165: $? = 0
configure:24181: result: yes
configure:24194: checking for smmintrin.h header file
configure:24218: gcc -o conftest -msse4.1   conftest.c -lm  >&5
configure:24225: $? = 0
configure:24250: result: yes
configure:24264: checking whether C compiler accepts -msse4.2
configure:24293: gcc -c -msse4.1  -msse4.2  conftest.c >&5
configure:24300: $? = 0
configure:24316: result: yes
configure:24329: checking for nmmintrin.h header file
configure:24353: gcc -o conftest -msse4.2   conftest.c -lm  >&5
configure:24360: $? = 0
configure:24385: result: yes
configure:24425: gcc -o conftest -msse4.2   conftest.c -lm  >&5
configure:24429: $? = 0
configure:24435: ./conftest
configure:24439: $? = 0
configure:24963: checking gmapdb
configure:25006: result: /Volumes/cluster/DistMap_v2.7.1/executables/gmap-2015-12-31/share
configure:25011: checking MAX_READLENGTH
configure:25044: result: 300
configure:25050: checking for zlib support
configure:25068: result: enabled
configure:25082: checking zlib.h usability
configure:25099: gcc -c -O3  conftest.c >&5
configure:25106: $? = 0
configure:25120: result: yes
configure:25124: checking zlib.h presence
configure:25139: gcc -E  conftest.c
configure:25146: $? = 0
configure:25160: result: yes
configure:25193: checking for zlib.h
configure:25200: result: yes
configure:25211: checking for gzopen in -lz
configure:25246: gcc -o conftest -O3   conftest.c -lz  -lm  >&5
configure:25253: $? = 0
configure:25274: result: yes
configure:25282: checking for gzeof in -lz
configure:25317: gcc -o conftest -O3   conftest.c -lz  -lm  >&5
configure:25324: $? = 0
configure:25345: result: yes
configure:25353: checking for gzgetc in -lz
configure:25388: gcc -o conftest -O3   conftest.c -lz  -lm  >&5
configure:25395: $? = 0
configure:25416: result: yes
configure:25424: checking for gzgets in -lz
configure:25459: gcc -o conftest -O3   conftest.c -lz  -lm  >&5
configure:25466: $? = 0
configure:25487: result: yes
configure:25495: checking for gzclose in -lz
configure:25530: gcc -o conftest -O3   conftest.c -lz  -lm  >&5
configure:25537: $? = 0
configure:25558: result: yes
configure:25566: checking if zlib package is complete
configure:25575: result: working
configure:25585: checking for gzbuffer in -lz
configure:25620: gcc -o conftest -O3   conftest.c -lz  -lm  >&5
configure:25627: $? = 0
configure:25648: result: yes
configure:25673: checking for bzlib support
configure:25691: result: enabled
configure:25705: checking bzlib.h usability
configure:25722: gcc -c -O3  conftest.c >&5
configure:25729: $? = 0
configure:25743: result: yes
configure:25747: checking bzlib.h presence
configure:25762: gcc -E  conftest.c
configure:25769: $? = 0
configure:25783: result: yes
configure:25816: checking for bzlib.h
configure:25823: result: yes
configure:25834: checking for BZ2_bzReadOpen in -lbz2
configure:25869: gcc -o conftest -O3   conftest.c -lbz2  -lm  >&5
configure:25876: $? = 0
configure:25897: result: yes
configure:25905: checking for BZ2_bzRead in -lbz2
configure:25940: gcc -o conftest -O3   conftest.c -lbz2  -lm  >&5
configure:25947: $? = 0
configure:25968: result: yes
configure:25976: checking for BZ2_bzReadClose in -lbz2
configure:26011: gcc -o conftest -O3   conftest.c -lbz2  -lm  >&5
configure:26018: $? = 0
configure:26039: result: yes
configure:26047: checking if bzlib package is complete
configure:26056: result: working
configure:26277: creating ./config.status

## ---------------------- ##
## Running config.status. ##
## ---------------------- ##

This file was extended by gmap config.status 2015-12-31, which was
generated by GNU Autoconf 2.63.  Invocation command line was

  CONFIG_FILES    = 
  CONFIG_HEADERS  = 
  CONFIG_LINKS    = 
  CONFIG_COMMANDS = 
  $ ./config.status 

on i122mc144.vu-wien.ac.at

config.status:1105: creating Makefile
config.status:1105: creating src/Makefile
config.status:1105: creating mpi/Makefile
config.status:1105: creating util/Makefile
config.status:1105: creating util/gmap_compress.pl
config.status:1105: creating util/gmap_uncompress.pl
config.status:1105: creating util/gmap_process.pl
config.status:1105: creating util/gmap_build.pl
config.status:1105: creating util/gmap_reassemble.pl
config.status:1105: creating util/md_coords.pl
config.status:1105: creating util/fa_coords.pl
config.status:1105: creating util/psl_splicesites.pl
config.status:1105: creating util/psl_introns.pl
config.status:1105: creating util/psl_genes.pl
config.status:1105: creating util/ensembl_genes.pl
config.status:1105: creating util/gtf_splicesites.pl
config.status:1105: creating util/gtf_introns.pl
config.status:1105: creating util/gtf_genes.pl
config.status:1105: creating util/gff3_splicesites.pl
config.status:1105: creating util/gff3_introns.pl
config.status:1105: creating util/gff3_genes.pl
config.status:1105: creating util/dbsnp_iit.pl
config.status:1105: creating util/gvf_iit.pl
config.status:1105: creating util/vcf_iit.pl
config.status:1105: creating tests/Makefile
config.status:1105: creating tests/align.test
config.status:1105: creating tests/coords1.test
config.status:1105: creating tests/setup1.test
config.status:1105: creating tests/iit.test
config.status:1105: creating src/config.h
config.status:1379: executing depfiles commands
config.status:1379: executing libtool commands
configure:28665: checking Standard compiler and flags to be used
configure:28667: result: gcc -O3
configure:28669: checking Standard linker flags to be used
configure:28671: result: 
configure:28674: checking MPI compiler and flags to be used
configure:28676: result: /usr/bin/cc 
configure:28678: checking MPI linker flags to be used
configure:28680: result: 
configure:28683: checking pthread compiler flags to be used
configure:28685: result: -D_THREAD_SAFE 
configure:28687: checking popcnt compiler flags to be used
configure:28689: result: 
configure:28692: checking SIMD features available on computer
configure:28694: result:  mmx sse sse2 sse3 ssse3 sse4.1 sse4.2
configure:28696: checking SIMD compiler flags to be used
configure:28698: result:  -mmmx -msse -msse2 -msse3 -mssse3 -msse4.1 -msse4.2

## ---------------- ##
## Cache variables. ##
## ---------------- ##

ac_cv_build=x86_64-apple-darwin12.6.0
ac_cv_c_bigendian=no
ac_cv_c_compiler_gnu=yes
ac_cv_c_const=yes
ac_cv_c_volatile=yes
ac_cv_env_CC_set=
ac_cv_env_CC_value=
ac_cv_env_CFLAGS_set=
ac_cv_env_CFLAGS_value=
ac_cv_env_CPPFLAGS_set=
ac_cv_env_CPPFLAGS_value=
ac_cv_env_CPP_set=
ac_cv_env_CPP_value=
ac_cv_env_LDFLAGS_set=
ac_cv_env_LDFLAGS_value=
ac_cv_env_LIBS_set=
ac_cv_env_LIBS_value=
ac_cv_env_MAX_READLENGTH_set=
ac_cv_env_MAX_READLENGTH_value=
ac_cv_env_MPICC_set=
ac_cv_env_MPICC_value=
ac_cv_env_MPI_CFLAGS_set=
ac_cv_env_MPI_CFLAGS_value=
ac_cv_env_build_alias_set=
ac_cv_env_build_alias_value=
ac_cv_env_host_alias_set=
ac_cv_env_host_alias_value=
ac_cv_env_target_alias_set=
ac_cv_env_target_alias_value=
ac_cv_func_MPI_Init=no
ac_cv_func_alloca_works=yes
ac_cv_func_ceil=yes
ac_cv_func_floor=yes
ac_cv_func_index=yes
ac_cv_func_log=yes
ac_cv_func_madvise=yes
ac_cv_func_memcpy=yes
ac_cv_func_memmove=yes
ac_cv_func_memset=yes
ac_cv_func_munmap=yes
ac_cv_func_pow=yes
ac_cv_func_rint=yes
ac_cv_func_semctl=yes
ac_cv_func_semget=yes
ac_cv_func_semop=yes
ac_cv_func_shmat=yes
ac_cv_func_shmctl=yes
ac_cv_func_shmdt=yes
ac_cv_func_shmget=yes
ac_cv_func_sigaction=yes
ac_cv_func_stat64=yes
ac_cv_func_strtoul=yes
ac_cv_func_sysconf=yes
ac_cv_func_sysctl=yes
ac_cv_header_bzlib_h=yes
ac_cv_header_dirent_dirent_h=yes
ac_cv_header_dlfcn_h=yes
ac_cv_header_fcntl_h=yes
ac_cv_header_inttypes_h=yes
ac_cv_header_limits_h=yes
ac_cv_header_memory_h=yes
ac_cv_header_stdc=yes
ac_cv_header_stddef_h=yes
ac_cv_header_stdint_h=yes
ac_cv_header_stdlib_h=yes
ac_cv_header_string_h=yes
ac_cv_header_strings_h=yes
ac_cv_header_sys_stat_h=yes
ac_cv_header_sys_types_h=yes
ac_cv_header_unistd_h=yes
ac_cv_header_zlib_h=yes
ac_cv_host=x86_64-apple-darwin12.6.0
ac_cv_lib_bz2_BZ2_bzRead=yes
ac_cv_lib_bz2_BZ2_bzReadClose=yes
ac_cv_lib_bz2_BZ2_bzReadOpen=yes
ac_cv_lib_m_rint=yes
ac_cv_lib_mpi_MPI_Init=no
ac_cv_lib_mpich_MPI_Init=no
ac_cv_lib_z_gzbuffer=yes
ac_cv_lib_z_gzclose=yes
ac_cv_lib_z_gzeof=yes
ac_cv_lib_z_gzgetc=yes
ac_cv_lib_z_gzgets=yes
ac_cv_lib_z_gzopen=yes
ac_cv_objext=o
ac_cv_path_EGREP='/usr/bin/grep -E'
ac_cv_path_FGREP='/usr/bin/grep -F'
ac_cv_path_GREP=/usr/bin/grep
ac_cv_path_MPICC=/usr/bin/cc
ac_cv_path_PERL=/usr/bin/perl
ac_cv_path_SED=/usr/bin/sed
ac_cv_path_install='/usr/bin/install -c'
ac_cv_prog_AWK=awk
ac_cv_prog_CPP='gcc -E'
ac_cv_prog_PTHREAD_CC=gcc
ac_cv_prog_ac_ct_AR=ar
ac_cv_prog_ac_ct_CC=gcc
ac_cv_prog_ac_ct_DSYMUTIL=dsymutil
ac_cv_prog_ac_ct_LIPO=lipo
ac_cv_prog_ac_ct_NMEDIT=nmedit
ac_cv_prog_ac_ct_OTOOL=otool
ac_cv_prog_ac_ct_RANLIB=ranlib
ac_cv_prog_ac_ct_STRIP=strip
ac_cv_prog_cc_c89=
ac_cv_prog_cc_g=yes
ac_cv_prog_cc_gcc_c_o=yes
ac_cv_prog_make_make_set=yes
ac_cv_search_opendir='none required'
ac_cv_sizeof_off_t=8
ac_cv_sizeof_unsigned_long=8
ac_cv_sizeof_unsigned_long_long=8
ac_cv_sys_file_offset_bits=no
ac_cv_sys_largefile_CC=no
ac_cv_sys_largefile_source=no
ac_cv_target=x86_64-apple-darwin12.6.0
ac_cv_type_caddr_t=yes
ac_cv_type_off_t=yes
ac_cv_type_size_t=yes
ac_cv_working_alloca_h=yes
am_cv_CC_dependencies_compiler_type=gcc3
ax_cv_check_cflags___mmmx=yes
ax_cv_check_cflags___msse2=yes
ax_cv_check_cflags___msse3=yes
ax_cv_check_cflags___msse4_1=yes
ax_cv_check_cflags___msse4_2=yes
ax_cv_check_cflags___msse=yes
ax_cv_check_cflags___mssse3=yes
ax_cv_compile_mmx_ext=yes
ax_cv_compile_sse2_ext=yes
ax_cv_compile_sse3_ext=yes
ax_cv_compile_sse41_ext=yes
ax_cv_compile_sse42_ext=yes
ax_cv_compile_sse_ext=yes
ax_cv_compile_ssse3_ext=yes
ax_cv_cpu_features=' mmx sse sse2 sse3 ssse3 sse4.1 sse4.2'
ax_cv_cpu_have_avx2_ext=no
ax_cv_cpu_have_avx_ext=no
ax_cv_cpu_have_bmi1_ext=no
ax_cv_cpu_have_bmi2_ext=no
ax_cv_cpu_have_lzcnt_ext=no
ax_cv_cpu_have_mmx_ext=yes
ax_cv_cpu_have_popcnt_ext=yes
ax_cv_cpu_have_sse2_ext=yes
ax_cv_cpu_have_sse3_ext=yes
ax_cv_cpu_have_sse41_ext=yes
ax_cv_cpu_have_sse42_ext=yes
ax_cv_cpu_have_sse_ext=yes
ax_cv_cpu_have_ssse3_ext=yes
ax_cv_gcc_x86_cpuid_0x00000001=206c2:200800:29ee3ff:bfebfbff
ax_cv_gcc_x86_cpuid_0x00000007=0:0:0:0
ax_cv_gcc_x86_cpuid_0x80000001=0:0:1:2c100800
ax_cv_link_emmintrin_h=yes
ax_cv_link_mmintrin_h=yes
ax_cv_link_nmmintrin_h=yes
ax_cv_link_pmmintrin_h=yes
ax_cv_link_smmintrin_h=yes
ax_cv_link_tmmintrin_h=yes
ax_cv_link_xmmintrin_h=yes
ax_cv_run_mm_popcnt_ext=yes
ax_cv_sse2_shift_defect=no
ax_cv_want_avx2_ext=yes
ax_cv_want_avx_ext=yes
ax_cv_want_sse2_ext=yes
ax_cv_want_sse41_ext=yes
ax_cv_want_sse42_ext=yes
ax_cv_want_ssse3_ext=yes
cvx_cv_func_fopen_b=yes
cvx_cv_func_fopen_t=yes
lt_cv_apple_cc_single_mod=yes
lt_cv_deplibs_check_method=pass_all
lt_cv_file_magic_cmd='$MAGIC_CMD'
lt_cv_file_magic_test_file=
lt_cv_ld_exported_symbols_list=yes
lt_cv_ld_reload_flag=-r
lt_cv_nm_interface='BSD nm'
lt_cv_objdir=.libs
lt_cv_path_LD=/usr/llvm-gcc-4.2/libexec/gcc/i686-apple-darwin11/4.2.1/ld
lt_cv_path_NM=/usr/bin/nm
lt_cv_prog_compiler_c_o=yes
lt_cv_prog_compiler_pic_works=yes
lt_cv_prog_compiler_rtti_exceptions=no
lt_cv_prog_compiler_static_works=no
lt_cv_prog_gnu_ld=no
lt_cv_sys_global_symbol_pipe='sed -n -e '\''s/^.*[	 ]\([BCDEGRST][BCDEGRST]*\)[	 ][	 ]*_\([_A-Za-z][_A-Za-z0-9]*\)$/\1 _\2 \2/p'\'''
lt_cv_sys_global_symbol_to_c_name_address='sed -n -e '\''s/^: \([^ ]*\) $/  {\"\1\", (void *) 0},/p'\'' -e '\''s/^[BCDEGRST]* \([^ ]*\) \([^ ]*\)$/  {"\2", (void *) \&\2},/p'\'''
lt_cv_sys_global_symbol_to_c_name_address_lib_prefix='sed -n -e '\''s/^: \([^ ]*\) $/  {\"\1\", (void *) 0},/p'\'' -e '\''s/^[BCDEGRST]* \([^ ]*\) \(lib[^ ]*\)$/  {"\2", (void *) \&\2},/p'\'' -e '\''s/^[BCDEGRST]* \([^ ]*\) \([^ ]*\)$/  {"lib\2", (void *) \&\2},/p'\'''
lt_cv_sys_global_symbol_to_cdecl='sed -n -e '\''s/^T .* \(.*\)$/extern int \1();/p'\'' -e '\''s/^[BCDEGRST]* .* \(.*\)$/extern char \1;/p'\'''
lt_cv_sys_max_cmd_len=196608

## ----------------- ##
## Output variables. ##
## ----------------- ##

ACLOCAL='${SHELL} /Volumes/cluster/DistMap_v2.7.1/executables/gmap-2015-12-31/config/missing --run aclocal-1.11'
ALLOCA=''
AMDEPBACKSLASH='\'
AMDEP_FALSE='#'
AMDEP_TRUE=''
AMTAR='${SHELL} /Volumes/cluster/DistMap_v2.7.1/executables/gmap-2015-12-31/config/missing --run tar'
AR='ar'
AUTOCONF='${SHELL} /Volumes/cluster/DistMap_v2.7.1/executables/gmap-2015-12-31/config/missing --run autoconf'
AUTOHEADER='${SHELL} /Volumes/cluster/DistMap_v2.7.1/executables/gmap-2015-12-31/config/missing --run autoheader'
AUTOMAKE='${SHELL} /Volumes/cluster/DistMap_v2.7.1/executables/gmap-2015-12-31/config/missing --run automake-1.11'
AWK='awk'
BINDIR='/Volumes/cluster/DistMap_v2.7.1/executables/gmap-2015-12-31/bin'
BZLIB_LIBS='-lbz2'
CC='gcc'
CCDEPMODE='depmode=gcc3'
CFLAGS='-O3'
CPP='gcc -E'
CPPFLAGS=''
CYGPATH_W='echo'
DEFS='-DHAVE_CONFIG_H'
DEPDIR='.deps'
DSYMUTIL='dsymutil'
DUMPBIN=''
ECHO_C='\c'
ECHO_N=''
ECHO_T=''
EGREP='/usr/bin/grep -E'
EXEEXT=''
FGREP='/usr/bin/grep -F'
FULLDIST_FALSE=''
FULLDIST_TRUE='#'
GMAPDB='/Volumes/cluster/DistMap_v2.7.1/executables/gmap-2015-12-31/share'
GREP='/usr/bin/grep'
INSTALL_DATA='${INSTALL} -m 644'
INSTALL_PROGRAM='${INSTALL}'
INSTALL_SCRIPT='${INSTALL}'
INSTALL_STRIP_PROGRAM='$(install_sh) -c -s'
LD='/usr/llvm-gcc-4.2/libexec/gcc/i686-apple-darwin11/4.2.1/ld'
LDFLAGS=''
LIBOBJS=''
LIBS='-lm '
LIBTOOL='$(SHELL) $(top_builddir)/libtool'
LIPO='lipo'
LN_S='ln -s'
LTLIBOBJS=''
MAINTAINER_FALSE=''
MAINTAINER_TRUE='#'
MAKEINFO='${SHELL} /Volumes/cluster/DistMap_v2.7.1/executables/gmap-2015-12-31/config/missing --run makeinfo'
MAX_READLENGTH='300'
MKDIR_P='config/install-sh -c -d'
MPICC='/usr/bin/cc'
MPILIBS=''
MPI_CFLAGS=''
MPI_FOUND_FALSE=''
MPI_FOUND_TRUE='#'
NM='/usr/bin/nm'
NMEDIT='nmedit'
OBJDUMP='false'
OBJEXT='o'
OTOOL64=':'
OTOOL='otool'
PACKAGE='gmap'
PACKAGE_BUGREPORT='Thomas Wu <twu@gene.com>'
PACKAGE_NAME='gmap'
PACKAGE_STRING='gmap 2015-12-31'
PACKAGE_TARNAME='gmap'
PACKAGE_VERSION='2015-12-31'
PATH_SEPARATOR=':'
PERL='/usr/bin/perl'
POPCNT_CFLAGS=''
PTHREAD_CC='gcc'
PTHREAD_CFLAGS='-D_THREAD_SAFE '
PTHREAD_LIBS=''
RANLIB='ranlib'
SED='/usr/bin/sed'
SET_MAKE=''
SHELL='/bin/sh'
SIMD_CFLAGS=' -mmmx -msse -msse2 -msse3 -mssse3 -msse4.1 -msse4.2'
STRIP='strip'
VERSION='2015-12-31'
ZLIB_LIBS='-lz'
ac_ct_CC='gcc'
ac_ct_DUMPBIN=''
acx_pthread_config=''
am__EXEEXT_FALSE=''
am__EXEEXT_TRUE='#'
am__fastdepCC_FALSE='#'
am__fastdepCC_TRUE=''
am__include='include'
am__isrc=''
am__leading_dot='.'
am__quote=''
am__tar='${AMTAR} chof - "$$tardir"'
am__untar='${AMTAR} xf -'
bindir='${exec_prefix}/bin'
build='x86_64-apple-darwin12.6.0'
build_alias=''
build_cpu='x86_64'
build_os='darwin12.6.0'
build_vendor='apple'
datadir='${datarootdir}'
datarootdir='${prefix}/share'
docdir='${datarootdir}/doc/${PACKAGE_TARNAME}'
dvidir='${docdir}'
exec_prefix='${prefix}'
host='x86_64-apple-darwin12.6.0'
host_alias=''
host_cpu='x86_64'
host_os='darwin12.6.0'
host_vendor='apple'
htmldir='${docdir}'
includedir='${prefix}/include'
infodir='${datarootdir}/info'
install_sh='${SHELL} /Volumes/cluster/DistMap_v2.7.1/executables/gmap-2015-12-31/config/install-sh'
libdir='${exec_prefix}/lib'
libexecdir='${exec_prefix}/libexec'
localedir='${datarootdir}/locale'
localstatedir='${prefix}/var'
lt_ECHO='/bin/echo'
mandir='${datarootdir}/man'
mkdir_p='$(top_builddir)/config/install-sh -c -d'
oldincludedir='/usr/include'
pdfdir='${docdir}'
prefix='/Volumes/cluster/DistMap_v2.7.1/executables/gmap-2015-12-31'
program_transform_name='s,x,x,'
psdir='${docdir}'
sbindir='${exec_prefix}/sbin'
sharedstatedir='${prefix}/com'
sysconfdir='${prefix}/etc'
target='x86_64-apple-darwin12.6.0'
target_alias=''
target_cpu='x86_64'
target_os='darwin12.6.0'
target_vendor='apple'

## ----------- ##
## confdefs.h. ##
## ----------- ##

#define PACKAGE_NAME "gmap"
#define PACKAGE_TARNAME "gmap"
#define PACKAGE_VERSION "2015-12-31"
#define PACKAGE_STRING "gmap 2015-12-31"
#define PACKAGE_BUGREPORT "Thomas Wu <twu@gene.com>"
#define PACKAGE "gmap"
#define VERSION "2015-12-31"
#define STDC_HEADERS 1
#define HAVE_SYS_TYPES_H 1
#define HAVE_SYS_STAT_H 1
#define HAVE_STDLIB_H 1
#define HAVE_STRING_H 1
#define HAVE_MEMORY_H 1
#define HAVE_STRINGS_H 1
#define HAVE_INTTYPES_H 1
#define HAVE_STDINT_H 1
#define HAVE_UNISTD_H 1
#define HAVE_DLFCN_H 1
#define LT_OBJDIR ".libs/"
#define HAVE_LIBM 1
#define USE_MPI_FILE_INPUT 1
#define HAVE_PTHREAD 1
#define STDC_HEADERS 1
#define HAVE_DIRENT_H 1
#define HAVE_FCNTL_H 1
#define HAVE_LIMITS_H 1
#define HAVE_STDDEF_H 1
#define HAVE_STDLIB_H 1
#define HAVE_STRING_H 1
#define HAVE_STRINGS_H 1
#define HAVE_UNISTD_H 1
#define HAVE_SYS_TYPES_H 1
#define HAVE_CADDR_T 1
#define SIZEOF_UNSIGNED_LONG 8
#define SIZEOF_UNSIGNED_LONG_LONG 8
#define SIZEOF_OFF_T 8
#define HAVE_FSEEKO 1
#define HAVE_ALLOCA_H 1
#define HAVE_ALLOCA 1
#define HAVE_MMAP 1
#define HAVE_MMAP_MAP_FILE 1
#define HAVE_MMAP_MAP_SHARED 1
#define HAVE_MMAP_MAP_PRIVATE 1
#define HAVE_MADVISE_MADV_DONTNEED 1
#define HAVE_MADVISE_MADV_WILLNEED 1
#define HAVE_MADVISE_MADV_RANDOM 1
#define HAVE_MADVISE_MADV_SEQUENTIAL 1
#define HAVE_CEIL 1
#define HAVE_FLOOR 1
#define HAVE_INDEX 1
#define HAVE_LOG 1
#define HAVE_MADVISE 1
#define HAVE_MEMCPY 1
#define HAVE_MEMMOVE 1
#define HAVE_MEMSET 1
#define HAVE_MUNMAP 1
#define HAVE_POW 1
#define HAVE_RINT 1
#define HAVE_STAT64 1
#define HAVE_STRTOUL 1
#define HAVE_SYSCONF 1
#define HAVE_SYSCTL 1
#define HAVE_SIGACTION 1
#define HAVE_SHMGET 1
#define HAVE_SHMCTL 1
#define HAVE_SHMAT 1
#define HAVE_SHMDT 1
#define HAVE_SEMGET 1
#define HAVE_SEMCTL 1
#define HAVE_SEMOP 1
#define HAVE_STRUCT_STAT64 1
#define PAGESIZE_VIA_SYSCONF 1
#define PAGESIZE_VIA_SYSCTL 1
#define USE_FOPEN_BINARY 1
#define USE_FOPEN_TEXT 1
#define HAVE_BUILTIN_POPCOUNT 1
#define HAVE_BUILTIN_CLZ 1
#define HAVE_BUILTIN_CTZ 1
#define HAVE_ASM_BSR 1
#define HAVE_MMX 1
#define HAVE_SSE 1
#define HAVE_SSE2 1
#define HAVE_SSE3 1
#define HAVE_SSSE3 1
#define HAVE_SSE4_1 1
#define HAVE_SSE4_2 1
#define HAVE_MM_POPCNT 1
#define HAVE_ZLIB 1
#define HAVE_ZLIB_GZBUFFER 1
#define HAVE_BZLIB 1

configure: exit 0
